0 verbose cli D:\node.exe D:\node_modules\npm\bin\npm-cli.js
1 info using npm@11.6.1
2 info using node@v24.11.0
3 silly config load:file:D:\node_modules\npm\npmrc
4 silly config load:file:C:\Users\janis\asset-monitoring-backend\frontend\.npmrc
5 silly config load:file:C:\Users\janis\.npmrc
6 silly config load:file:D:\npm-global\etc\npmrc
7 verbose title npm install
8 verbose argv "install" "--cache" "./.npm-cache"
9 verbose logfile logs-max:10 dir:C:\Users\janis\asset-monitoring-backend\frontend\.npm-cache\_logs\2026-06-16T07_58_09_106Z-
10 verbose logfile C:\Users\janis\asset-monitoring-backend\frontend\.npm-cache\_logs\2026-06-16T07_58_09_106Z-debug-0.log
11 silly logfile done cleaning log files
12 silly packumentCache heap:2348810240 maxSize:587202560 maxEntrySize:293601280
13 silly idealTree buildDeps
14 silly reify mark retired [
14 silly reify   'C:\\Users\\janis\\asset-monitoring-backend\\frontend\\node_modules\\autoprefixer',
14 silly reify   'C:\\Users\\janis\\asset-monitoring-backend\\frontend\\node_modules\\.bin\\autoprefixer',
14 silly reify   'C:\\Users\\janis\\asset-monitoring-backend\\frontend\\node_modules\\.bin\\autoprefixer.cmd',
14 silly reify   'C:\\Users\\janis\\asset-monitoring-backend\\frontend\\node_modules\\.bin\\autoprefixer.ps1'
14 silly reify ]
15 silly reify mark retired [
15 silly reify   'C:\\Users\\janis\\asset-monitoring-backend\\frontend\\node_modules\\baseline-browser-mapping',
15 silly reify   'C:\\Users\\janis\\asset-monitoring-backend\\frontend\\node_modules\\.bin\\baseline-browser-mapping',
15 silly reify   'C:\\Users\\janis\\asset-monitoring-backend\\frontend\\node_modules\\.bin\\baseline-browser-mapping.cmd',
15 silly reify   'C:\\Users\\janis\\asset-monitoring-backend\\frontend\\node_modules\\.bin\\baseline-browser-mapping.ps1'
15 silly reify ]
16 silly reify mark retired [
16 silly reify   'C:\\Users\\janis\\asset-monitoring-backend\\frontend\\node_modules\\browserslist',
16 silly reify   'C:\\Users\\janis\\asset-monitoring-backend\\frontend\\node_modules\\.bin\\browserslist',
16 silly reify   'C:\\Users\\janis\\asset-monitoring-backend\\frontend\\node_modules\\.bin\\browserslist.cmd',
16 silly reify   'C:\\Users\\janis\\asset-monitoring-backend\\frontend\\node_modules\\.bin\\browserslist.ps1'
16 silly reify ]
17 silly reify mark retired [
17 silly reify   'C:\\Users\\janis\\asset-monitoring-backend\\frontend\\node_modules\\esbuild',
17 silly reify   'C:\\Users\\janis\\asset-monitoring-backend\\frontend\\node_modules\\.bin\\esbuild',
17 silly reify   'C:\\Users\\janis\\asset-monitoring-backend\\frontend\\node_modules\\.bin\\esbuild.cmd',
17 silly reify   'C:\\Users\\janis\\asset-monitoring-backend\\frontend\\node_modules\\.bin\\esbuild.ps1'
17 silly reify ]
18 silly reify mark retired [
18 silly reify   'C:\\Users\\janis\\asset-monitoring-backend\\frontend\\node_modules\\cssesc',
18 silly reify   'C:\\Users\\janis\\asset-monitoring-backend\\frontend\\node_modules\\.bin\\cssesc',
18 silly reify   'C:\\Users\\janis\\asset-monitoring-backend\\frontend\\node_modules\\.bin\\cssesc.cmd',
18 silly reify   'C:\\Users\\janis\\asset-monitoring-backend\\frontend\\node_modules\\.bin\\cssesc.ps1'
18 silly reify ]
19 silly reify mark retired [
19 silly reify   'C:\\Users\\janis\\asset-monitoring-backend\\frontend\\node_modules\\jiti',
19 silly reify   'C:\\Users\\janis\\asset-monitoring-backend\\frontend\\node_modules\\.bin\\jiti',
19 silly reify   'C:\\Users\\janis\\asset-monitoring-backend\\frontend\\node_modules\\.bin\\jiti.cmd',
19 silly reify   'C:\\Users\\janis\\asset-monitoring-backend\\frontend\\node_modules\\.bin\\jiti.ps1'
19 silly reify ]
20 silly reify mark retired [
20 silly reify   'C:\\Users\\janis\\asset-monitoring-backend\\frontend\\node_modules\\jsesc',
20 silly reify   'C:\\Users\\janis\\asset-monitoring-backend\\frontend\\node_modules\\.bin\\jsesc',
20 silly reify   'C:\\Users\\janis\\asset-monitoring-backend\\frontend\\node_modules\\.bin\\jsesc.cmd',
20 silly reify   'C:\\Users\\janis\\asset-monitoring-backend\\frontend\\node_modules\\.bin\\jsesc.ps1'
20 silly reify ]
21 silly reify mark retired [
21 silly reify   'C:\\Users\\janis\\asset-monitoring-backend\\frontend\\node_modules\\json5',
21 silly reify   'C:\\Users\\janis\\asset-monitoring-backend\\frontend\\node_modules\\.bin\\json5',
21 silly reify   'C:\\Users\\janis\\asset-monitoring-backend\\frontend\\node_modules\\.bin\\json5.cmd',
21 silly reify   'C:\\Users\\janis\\asset-monitoring-backend\\frontend\\node_modules\\.bin\\json5.ps1'
21 silly reify ]
22 silly reify mark retired [
22 silly reify   'C:\\Users\\janis\\asset-monitoring-backend\\frontend\\node_modules\\loose-envify',
22 silly reify   'C:\\Users\\janis\\asset-monitoring-backend\\frontend\\node_modules\\.bin\\loose-envify',
22 silly reify   'C:\\Users\\janis\\asset-monitoring-backend\\frontend\\node_modules\\.bin\\loose-envify.cmd',
22 silly reify   'C:\\Users\\janis\\asset-monitoring-backend\\frontend\\node_modules\\.bin\\loose-envify.ps1'
22 silly reify ]
23 silly reify mark retired [
23 silly reify   'C:\\Users\\janis\\asset-monitoring-backend\\frontend\\node_modules\\nanoid',
23 silly reify   'C:\\Users\\janis\\asset-monitoring-backend\\frontend\\node_modules\\.bin\\nanoid',
23 silly reify   'C:\\Users\\janis\\asset-monitoring-backend\\frontend\\node_modules\\.bin\\nanoid.cmd',
23 silly reify   'C:\\Users\\janis\\asset-monitoring-backend\\frontend\\node_modules\\.bin\\nanoid.ps1'
23 silly reify ]
24 silly reify mark retired [
24 silly reify   'C:\\Users\\janis\\asset-monitoring-backend\\frontend\\node_modules\\resolve',
24 silly reify   'C:\\Users\\janis\\asset-monitoring-backend\\frontend\\node_modules\\.bin\\resolve',
24 silly reify   'C:\\Users\\janis\\asset-monitoring-backend\\frontend\\node_modules\\.bin\\resolve.cmd',
24 silly reify   'C:\\Users\\janis\\asset-monitoring-backend\\frontend\\node_modules\\.bin\\resolve.ps1'
24 silly reify ]
25 silly reify mark retired [
25 silly reify   'C:\\Users\\janis\\asset-monitoring-backend\\frontend\\node_modules\\rollup',
25 silly reify   'C:\\Users\\janis\\asset-monitoring-backend\\frontend\\node_modules\\.bin\\rollup',
25 silly reify   'C:\\Users\\janis\\asset-monitoring-backend\\frontend\\node_modules\\.bin\\rollup.cmd',
25 silly reify   'C:\\Users\\janis\\asset-monitoring-backend\\frontend\\node_modules\\.bin\\rollup.ps1'
25 silly reify ]
26 silly reify mark retired [
26 silly reify   'C:\\Users\\janis\\asset-monitoring-backend\\frontend\\node_modules\\semver',
26 silly reify   'C:\\Users\\janis\\asset-monitoring-backend\\frontend\\node_modules\\.bin\\semver',
26 silly reify   'C:\\Users\\janis\\asset-monitoring-backend\\frontend\\node_modules\\.bin\\semver.cmd',
26 silly reify   'C:\\Users\\janis\\asset-monitoring-backend\\frontend\\node_modules\\.bin\\semver.ps1'
26 silly reify ]
27 silly reify mark retired [
27 silly reify   'C:\\Users\\janis\\asset-monitoring-backend\\frontend\\node_modules\\tailwindcss',
27 silly reify   'C:\\Users\\janis\\asset-monitoring-backend\\frontend\\node_modules\\.bin\\tailwind',
27 silly reify   'C:\\Users\\janis\\asset-monitoring-backend\\frontend\\node_modules\\.bin\\tailwind.cmd',
27 silly reify   'C:\\Users\\janis\\asset-monitoring-backend\\frontend\\node_modules\\.bin\\tailwind.ps1',
27 silly reify   'C:\\Users\\janis\\asset-monitoring-backend\\frontend\\node_modules\\.bin\\tailwindcss',
27 silly reify   'C:\\Users\\janis\\asset-monitoring-backend\\frontend\\node_modules\\.bin\\tailwindcss.cmd',
27 silly reify   'C:\\Users\\janis\\asset-monitoring-backend\\frontend\\node_modules\\.bin\\tailwindcss.ps1'
27 silly reify ]
28 silly reify mark retired [
28 silly reify   'C:\\Users\\janis\\asset-monitoring-backend\\frontend\\node_modules\\update-browserslist-db',
28 silly reify   'C:\\Users\\janis\\asset-monitoring-backend\\frontend\\node_modules\\.bin\\update-browserslist-db',
28 silly reify   'C:\\Users\\janis\\asset-monitoring-backend\\frontend\\node_modules\\.bin\\update-browserslist-db.cmd',
28 silly reify   'C:\\Users\\janis\\asset-monitoring-backend\\frontend\\node_modules\\.bin\\update-browserslist-db.ps1'
28 silly reify ]
29 silly reify mark retired [
29 silly reify   'C:\\Users\\janis\\asset-monitoring-backend\\frontend\\node_modules\\sucrase',
29 silly reify   'C:\\Users\\janis\\asset-monitoring-backend\\frontend\\node_modules\\.bin\\sucrase',
29 silly reify   'C:\\Users\\janis\\asset-monitoring-backend\\frontend\\node_modules\\.bin\\sucrase.cmd',
29 silly reify   'C:\\Users\\janis\\asset-monitoring-backend\\frontend\\node_modules\\.bin\\sucrase.ps1',
29 silly reify   'C:\\Users\\janis\\asset-monitoring-backend\\frontend\\node_modules\\.bin\\sucrase-node',
29 silly reify   'C:\\Users\\janis\\asset-monitoring-backend\\frontend\\node_modules\\.bin\\sucrase-node.cmd',
29 silly reify   'C:\\Users\\janis\\asset-monitoring-backend\\frontend\\node_modules\\.bin\\sucrase-node.ps1'
29 silly reify ]
30 silly reify mark retired [
30 silly reify   'C:\\Users\\janis\\asset-monitoring-backend\\frontend\\node_modules\\vite',
30 silly reify   'C:\\Users\\janis\\asset-monitoring-backend\\frontend\\node_modules\\.bin\\vite',
30 silly reify   'C:\\Users\\janis\\asset-monitoring-backend\\frontend\\node_modules\\.bin\\vite.cmd',
30 silly reify   'C:\\Users\\janis\\asset-monitoring-backend\\frontend\\node_modules\\.bin\\vite.ps1'
30 silly reify ]
31 silly reify moves {
31 silly reify   'C:\\Users\\janis\\asset-monitoring-backend\\frontend\\node_modules\\autoprefixer': 'C:\\Users\\janis\\asset-monitoring-backend\\frontend\\node_modules\\.autoprefixer-kuiDvxn1',
31 silly reify   'C:\\Users\\janis\\asset-monitoring-backend\\frontend\\node_modules\\.bin\\autoprefixer': 'C:\\Users\\janis\\asset-monitoring-backend\\frontend\\node_modules\\.bin\\.autoprefixer-jSVCudvz',
31 silly reify   'C:\\Users\\janis\\asset-monitoring-backend\\frontend\\node_modules\\.bin\\autoprefixer.cmd': 'C:\\Users\\janis\\asset-monitoring-backend\\frontend\\node_modules\\.bin\\.autoprefixer.cmd-Cm7bDbCW',
31 silly reify   'C:\\Users\\janis\\asset-monitoring-backend\\frontend\\node_modules\\.bin\\autoprefixer.ps1': 'C:\\Users\\janis\\asset-monitoring-backend\\frontend\\node_modules\\.bin\\.autoprefixer.ps1-oR2HbJI6',
31 silly reify   'C:\\Users\\janis\\asset-monitoring-backend\\frontend\\node_modules\\baseline-browser-mapping': 'C:\\Users\\janis\\asset-monitoring-backend\\frontend\\node_modules\\.baseline-browser-mapping-S6HJkDK0',
31 silly reify   'C:\\Users\\janis\\asset-monitoring-backend\\frontend\\node_modules\\.bin\\baseline-browser-mapping': 'C:\\Users\\janis\\asset-monitoring-backend\\frontend\\node_modules\\.bin\\.baseline-browser-mapping-A6IA7rZt',
31 silly reify   'C:\\Users\\janis\\asset-monitoring-backend\\frontend\\node_modules\\.bin\\baseline-browser-mapping.cmd': 'C:\\Users\\janis\\asset-monitoring-backend\\frontend\\node_modules\\.bin\\.baseline-browser-mapping.cmd-SUTdT0yE',
31 silly reify   'C:\\Users\\janis\\asset-monitoring-backend\\frontend\\node_modules\\.bin\\baseline-browser-mapping.ps1': 'C:\\Users\\janis\\asset-monitoring-backend\\frontend\\node_modules\\.bin\\.baseline-browser-mapping.ps1-gl0KVu1G',
31 silly reify   'C:\\Users\\janis\\asset-monitoring-backend\\frontend\\node_modules\\browserslist': 'C:\\Users\\janis\\asset-monitoring-backend\\frontend\\node_modules\\.browserslist-rYg1YsbI',
31 silly reify   'C:\\Users\\janis\\asset-monitoring-backend\\frontend\\node_modules\\.bin\\browserslist': 'C:\\Users\\janis\\asset-monitoring-backend\\frontend\\node_modules\\.bin\\.browserslist-BViYG1Go',
31 silly reify   'C:\\Users\\janis\\asset-monitoring-backend\\frontend\\node_modules\\.bin\\browserslist.cmd': 'C:\\Users\\janis\\asset-monitoring-backend\\frontend\\node_modules\\.bin\\.browserslist.cmd-p89wtVyi',
31 silly reify   'C:\\Users\\janis\\asset-monitoring-backend\\frontend\\node_modules\\.bin\\browserslist.ps1': 'C:\\Users\\janis\\asset-monitoring-backend\\frontend\\node_modules\\.bin\\.browserslist.ps1-oYHuRaKl',
31 silly reify   'C:\\Users\\janis\\asset-monitoring-backend\\frontend\\node_modules\\esbuild': 'C:\\Users\\janis\\asset-monitoring-backend\\frontend\\node_modules\\.esbuild-6Gs82w5z',
31 silly reify   'C:\\Users\\janis\\asset-monitoring-backend\\frontend\\node_modules\\.bin\\esbuild': 'C:\\Users\\janis\\asset-monitoring-backend\\frontend\\node_modules\\.bin\\.esbuild-q3aGpiy4',
31 silly reify   'C:\\Users\\janis\\asset-monitoring-backend\\frontend\\node_modules\\.bin\\esbuild.cmd': 'C:\\Users\\janis\\asset-monitoring-backend\\frontend\\node_modules\\.bin\\.esbuild.cmd-MSDUN6C7',
31 silly reify   'C:\\Users\\janis\\asset-monitoring-backend\\frontend\\node_modules\\.bin\\esbuild.ps1': 'C:\\Users\\janis\\asset-monitoring-backend\\frontend\\node_modules\\.bin\\.esbuild.ps1-SnQEdhEP',
31 silly reify   'C:\\Users\\janis\\asset-monitoring-backend\\frontend\\node_modules\\cssesc': 'C:\\Users\\janis\\asset-monitoring-backend\\frontend\\node_modules\\.cssesc-AHdnzgDY',
31 silly reify   'C:\\Users\\janis\\asset-monitoring-backend\\frontend\\node_modules\\.bin\\cssesc': 'C:\\Users\\janis\\asset-monitoring-backend\\frontend\\node_modules\\.bin\\.cssesc-XvQb5qTc',
31 silly reify   'C:\\Users\\janis\\asset-monitoring-backend\\frontend\\node_modules\\.bin\\cssesc.cmd': 'C:\\Users\\janis\\asset-monitoring-backend\\frontend\\node_modules\\.bin\\.cssesc.cmd-hdlOSYFS',
31 silly reify   'C:\\Users\\janis\\asset-monitoring-backend\\frontend\\node_modules\\.bin\\cssesc.ps1': 'C:\\Users\\janis\\asset-monitoring-backend\\frontend\\node_modules\\.bin\\.cssesc.ps1-xh6RTw0u',
31 silly reify   'C:\\Users\\janis\\asset-monitoring-backend\\frontend\\node_modules\\jiti': 'C:\\Users\\janis\\asset-monitoring-backend\\frontend\\node_modules\\.jiti-Ba5mDsvz',
31 silly reify   'C:\\Users\\janis\\asset-monitoring-backend\\frontend\\node_modules\\.bin\\jiti': 'C:\\Users\\janis\\asset-monitoring-backend\\frontend\\node_modules\\.bin\\.jiti-0xSDjXLS',
31 silly reify   'C:\\Users\\janis\\asset-monitoring-backend\\frontend\\node_modules\\.bin\\jiti.cmd': 'C:\\Users\\janis\\asset-monitoring-backend\\frontend\\node_modules\\.bin\\.jiti.cmd-Dl1eGvgV',
31 silly reify   'C:\\Users\\janis\\asset-monitoring-backend\\frontend\\node_modules\\.bin\\jiti.ps1': 'C:\\Users\\janis\\asset-monitoring-backend\\frontend\\node_modules\\.bin\\.jiti.ps1-I4wtQ9y4',
31 silly reify   'C:\\Users\\janis\\asset-monitoring-backend\\frontend\\node_modules\\jsesc': 'C:\\Users\\janis\\asset-monitoring-backend\\frontend\\node_modules\\.jsesc-JetWASLb',
31 silly reify   'C:\\Users\\janis\\asset-monitoring-backend\\frontend\\node_modules\\.bin\\jsesc': 'C:\\Users\\janis\\asset-monitoring-backend\\frontend\\node_modules\\.bin\\.jsesc-sz8FX7Al',
31 silly reify   'C:\\Users\\janis\\asset-monitoring-backend\\frontend\\node_modules\\.bin\\jsesc.cmd': 'C:\\Users\\janis\\asset-monitoring-backend\\frontend\\node_modules\\.bin\\.jsesc.cmd-J4WAANOr',
31 silly reify   'C:\\Users\\janis\\asset-monitoring-backend\\frontend\\node_modules\\.bin\\jsesc.ps1': 'C:\\Users\\janis\\asset-monitoring-backend\\frontend\\node_modules\\.bin\\.jsesc.ps1-MMSjb23g',
31 silly reify   'C:\\Users\\janis\\asset-monitoring-backend\\frontend\\node_modules\\json5': 'C:\\Users\\janis\\asset-monitoring-backend\\frontend\\node_modules\\.json5-tPLN3mQq',
31 silly reify   'C:\\Users\\janis\\asset-monitoring-backend\\frontend\\node_modules\\.bin\\json5': 'C:\\Users\\janis\\asset-monitoring-backend\\frontend\\node_modules\\.bin\\.json5-WdjlelJR',
31 silly reify   'C:\\Users\\janis\\asset-monitoring-backend\\frontend\\node_modules\\.bin\\json5.cmd': 'C:\\Users\\janis\\asset-monitoring-backend\\frontend\\node_modules\\.bin\\.json5.cmd-oYQFRS4S',
31 silly reify   'C:\\Users\\janis\\asset-monitoring-backend\\frontend\\node_modules\\.bin\\json5.ps1': 'C:\\Users\\janis\\asset-monitoring-backend\\frontend\\node_modules\\.bin\\.json5.ps1-LmYFEINK',
31 silly reify   'C:\\Users\\janis\\asset-monitoring-backend\\frontend\\node_modules\\loose-envify': 'C:\\Users\\janis\\asset-monitoring-backend\\frontend\\node_modules\\.loose-envify-v7oWz7Kw',
31 silly reify   'C:\\Users\\janis\\asset-monitoring-backend\\frontend\\node_modules\\.bin\\loose-envify': 'C:\\Users\\janis\\asset-monitoring-backend\\frontend\\node_modules\\.bin\\.loose-envify-PDKqpUJu',
31 silly reify   'C:\\Users\\janis\\asset-monitoring-backend\\frontend\\node_modules\\.bin\\loose-envify.cmd': 'C:\\Users\\janis\\asset-monitoring-backend\\frontend\\node_modules\\.bin\\.loose-envify.cmd-3KIjwu7t',
31 silly reify   'C:\\Users\\janis\\asset-monitoring-backend\\frontend\\node_modules\\.bin\\loose-envify.ps1': 'C:\\Users\\janis\\asset-monitoring-backend\\frontend\\node_modules\\.bin\\.loose-envify.ps1-D0ZFG5Zh',
31 silly reify   'C:\\Users\\janis\\asset-monitoring-backend\\frontend\\node_modules\\nanoid': 'C:\\Users\\janis\\asset-monitoring-backend\\frontend\\node_modules\\.nanoid-nNmyEo3U',
31 silly reify   'C:\\Users\\janis\\asset-monitoring-backend\\frontend\\node_modules\\.bin\\nanoid': 'C:\\Users\\janis\\asset-monitoring-backend\\frontend\\node_modules\\.bin\\.nanoid-uaXZsSaS',
31 silly reify   'C:\\Users\\janis\\asset-monitoring-backend\\frontend\\node_modules\\.bin\\nanoid.cmd': 'C:\\Users\\janis\\asset-monitoring-backend\\frontend\\node_modules\\.bin\\.nanoid.cmd-iBBSLxGP',
31 silly reify   'C:\\Users\\janis\\asset-monitoring-backend\\frontend\\node_modules\\.bin\\nanoid.ps1': 'C:\\Users\\janis\\asset-monitoring-backend\\frontend\\node_modules\\.bin\\.nanoid.ps1-Nw4QcPKG',
31 silly reify   'C:\\Users\\janis\\asset-monitoring-backend\\frontend\\node_modules\\resolve': 'C:\\Users\\janis\\asset-monitoring-backend\\frontend\\node_modules\\.resolve-xMwvKhPq',
31 silly reify   'C:\\Users\\janis\\asset-monitoring-backend\\frontend\\node_modules\\.bin\\resolve': 'C:\\Users\\janis\\asset-monitoring-backend\\frontend\\node_modules\\.bin\\.resolve-8tVKdKOD',
31 silly reify   'C:\\Users\\janis\\asset-monitoring-backend\\frontend\\node_modules\\.bin\\resolve.cmd': 'C:\\Users\\janis\\asset-monitoring-backend\\frontend\\node_modules\\.bin\\.resolve.cmd-0X4MV1HQ',
31 silly reify   'C:\\Users\\janis\\asset-monitoring-backend\\frontend\\node_modules\\.bin\\resolve.ps1': 'C:\\Users\\janis\\asset-monitoring-backend\\frontend\\node_modules\\.bin\\.resolve.ps1-4XxIKWv2',
31 silly reify   'C:\\Users\\janis\\asset-monitoring-backend\\frontend\\node_modules\\rollup': 'C:\\Users\\janis\\asset-monitoring-backend\\frontend\\node_modules\\.rollup-4DBMDzUY',
31 silly reify   'C:\\Users\\janis\\asset-monitoring-backend\\frontend\\node_modules\\.bin\\rollup': 'C:\\Users\\janis\\asset-monitoring-backend\\frontend\\node_modules\\.bin\\.rollup-HCaJAgBX',
31 silly reify   'C:\\Users\\janis\\asset-monitoring-backend\\frontend\\node_modules\\.bin\\rollup.cmd': 'C:\\Users\\janis\\asset-monitoring-backend\\frontend\\node_modules\\.bin\\.rollup.cmd-HJo7IyYu',
31 silly reify   'C:\\Users\\janis\\asset-monitoring-backend\\frontend\\node_modules\\.bin\\rollup.ps1': 'C:\\Users\\janis\\asset-monitoring-backend\\frontend\\node_modules\\.bin\\.rollup.ps1-wa96s77H',
31 silly reify   'C:\\Users\\janis\\asset-monitoring-backend\\frontend\\node_modules\\semver': 'C:\\Users\\janis\\asset-monitoring-backend\\frontend\\node_modules\\.semver-QpyH9FoV',
31 silly reify   'C:\\Users\\janis\\asset-monitoring-backend\\frontend\\node_modules\\.bin\\semver': 'C:\\Users\\janis\\asset-monitoring-backend\\frontend\\node_modules\\.bin\\.semver-I7XYOrrJ',
31 silly reify   'C:\\Users\\janis\\asset-monitoring-backend\\frontend\\node_modules\\.bin\\semver.cmd': 'C:\\Users\\janis\\asset-monitoring-backend\\frontend\\node_modules\\.bin\\.semver.cmd-Mi2lcaWo',
31 silly reify   'C:\\Users\\janis\\asset-monitoring-backend\\frontend\\node_modules\\.bin\\semver.ps1': 'C:\\Users\\janis\\asset-monitoring-backend\\frontend\\node_modules\\.bin\\.semver.ps1-KCd7ZIJN',
31 silly reify   'C:\\Users\\janis\\asset-monitoring-backend\\frontend\\node_modules\\tailwindcss': 'C:\\Users\\janis\\asset-monitoring-backend\\frontend\\node_modules\\.tailwindcss-yWFXrPJf',
31 silly reify   'C:\\Users\\janis\\asset-monitoring-backend\\frontend\\node_modules\\.bin\\tailwind': 'C:\\Users\\janis\\asset-monitoring-backend\\frontend\\node_modules\\.bin\\.tailwind-lWab8kYG',
31 silly reify   'C:\\Users\\janis\\asset-monitoring-backend\\frontend\\node_modules\\.bin\\tailwind.cmd': 'C:\\Users\\janis\\asset-monitoring-backend\\frontend\\node_modules\\.bin\\.tailwind.cmd-pgcJGTQT',
31 silly reify   'C:\\Users\\janis\\asset-monitoring-backend\\frontend\\node_modules\\.bin\\tailwind.ps1': 'C:\\Users\\janis\\asset-monitoring-backend\\frontend\\node_modules\\.bin\\.tailwind.ps1-fMyIYJVu',
31 silly reify   'C:\\Users\\janis\\asset-monitoring-backend\\frontend\\node_modules\\.bin\\tailwindcss': 'C:\\Users\\janis\\asset-monitoring-backend\\frontend\\node_modules\\.bin\\.tailwindcss-kKJeZsTj',
31 silly reify   'C:\\Users\\janis\\asset-monitoring-backend\\frontend\\node_modules\\.bin\\tailwindcss.cmd': 'C:\\Users\\janis\\asset-monitoring-backend\\frontend\\node_modules\\.bin\\.tailwindcss.cmd-Z3ITeDRJ',
31 silly reify   'C:\\Users\\janis\\asset-monitoring-backend\\frontend\\node_modules\\.bin\\tailwindcss.ps1': 'C:\\Users\\janis\\asset-monitoring-backend\\frontend\\node_modules\\.bin\\.tailwindcss.ps1-4T6yW26I',
31 silly reify   'C:\\Users\\janis\\asset-monitoring-backend\\frontend\\node_modules\\update-browserslist-db': 'C:\\Users\\janis\\asset-monitoring-backend\\frontend\\node_modules\\.update-browserslist-db-Dl8MFr7z',
31 silly reify   'C:\\Users\\janis\\asset-monitoring-backend\\frontend\\node_modules\\.bin\\update-browserslist-db': 'C:\\Users\\janis\\asset-monitoring-backend\\frontend\\node_modules\\.bin\\.update-browserslist-db-CwIMH6pa',
31 silly reify   'C:\\Users\\janis\\asset-monitoring-backend\\frontend\\node_modules\\.bin\\update-browserslist-db.cmd': 'C:\\Users\\janis\\asset-monitoring-backend\\frontend\\node_modules\\.bin\\.update-browserslist-db.cmd-s7bNYwQT',
31 silly reify   'C:\\Users\\janis\\asset-monitoring-backend\\frontend\\node_modules\\.bin\\update-browserslist-db.ps1': 'C:\\Users\\janis\\asset-monitoring-backend\\frontend\\node_modules\\.bin\\.update-browserslist-db.ps1-EAmex6DK',
31 silly reify   'C:\\Users\\janis\\asset-monitoring-backend\\frontend\\node_modules\\sucrase': 'C:\\Users\\janis\\asset-monitoring-backend\\frontend\\node_modules\\.sucrase-yKRAY4la',
31 silly reify   'C:\\Users\\janis\\asset-monitoring-backend\\frontend\\node_modules\\.bin\\sucrase': 'C:\\Users\\janis\\asset-monitoring-backend\\frontend\\node_modules\\.bin\\.sucrase-tGF2eRVd',
31 silly reify   'C:\\Users\\janis\\asset-monitoring-backend\\frontend\\node_modules\\.bin\\sucrase.cmd': 'C:\\Users\\janis\\asset-monitoring-backend\\frontend\\node_modules\\.bin\\.sucrase.cmd-uzuyN1SM',
31 silly reify   'C:\\Users\\janis\\asset-monitoring-backend\\frontend\\node_modules\\.bin\\sucrase.ps1': 'C:\\Users\\janis\\asset-monitoring-backend\\frontend\\node_modules\\.bin\\.sucrase.ps1-FVkT0m4l',
31 silly reify   'C:\\Users\\janis\\asset-monitoring-backend\\frontend\\node_modules\\.bin\\sucrase-node': 'C:\\Users\\janis\\asset-monitoring-backend\\frontend\\node_modules\\.bin\\.sucrase-node-850vSnb7',
31 silly reify   'C:\\Users\\janis\\asset-monitoring-backend\\frontend\\node_modules\\.bin\\sucrase-node.cmd': 'C:\\Users\\janis\\asset-monitoring-backend\\frontend\\node_modules\\.bin\\.sucrase-node.cmd-QUMe3veM',
31 silly reify   'C:\\Users\\janis\\asset-monitoring-backend\\frontend\\node_modules\\.bin\\sucrase-node.ps1': 'C:\\Users\\janis\\asset-monitoring-backend\\frontend\\node_modules\\.bin\\.sucrase-node.ps1-qgYx7Ulj',
31 silly reify   'C:\\Users\\janis\\asset-monitoring-backend\\frontend\\node_modules\\vite': 'C:\\Users\\janis\\asset-monitoring-backend\\frontend\\node_modules\\.vite-c9juVTH2',
31 silly reify   'C:\\Users\\janis\\asset-monitoring-backend\\frontend\\node_modules\\.bin\\vite': 'C:\\Users\\janis\\asset-monitoring-backend\\frontend\\node_modules\\.bin\\.vite-T5s2GI5a',
31 silly reify   'C:\\Users\\janis\\asset-monitoring-backend\\frontend\\node_modules\\.bin\\vite.cmd': 'C:\\Users\\janis\\asset-monitoring-backend\\frontend\\node_modules\\.bin\\.vite.cmd-k55UhTB7',
31 silly reify   'C:\\Users\\janis\\asset-monitoring-backend\\frontend\\node_modules\\.bin\\vite.ps1': 'C:\\Users\\janis\\asset-monitoring-backend\\frontend\\node_modules\\.bin\\.vite.ps1-eKPggaVk'
31 silly reify }
32 silly audit bulk request {
32 silly audit   '@alloc/quick-lru': [ '5.2.0' ],
32 silly audit   '@babel/code-frame': [ '7.29.7' ],
32 silly audit   '@babel/compat-data': [ '7.29.7' ],
32 silly audit   '@babel/core': [ '7.29.7' ],
32 silly audit   '@babel/generator': [ '7.29.7' ],
32 silly audit   '@babel/helper-compilation-targets': [ '7.29.7' ],
32 silly audit   '@babel/helper-globals': [ '7.29.7' ],
32 silly audit   '@babel/helper-module-imports': [ '7.29.7' ],
32 silly audit   '@babel/helper-module-transforms': [ '7.29.7' ],
32 silly audit   '@babel/helper-plugin-utils': [ '7.29.7' ],
32 silly audit   '@babel/helper-string-parser': [ '7.29.7' ],
32 silly audit   '@babel/helper-validator-identifier': [ '7.29.7' ],
32 silly audit   '@babel/helper-validator-option': [ '7.29.7' ],
32 silly audit   '@babel/helpers': [ '7.29.7' ],
32 silly audit   '@babel/parser': [ '7.29.7' ],
32 silly audit   '@babel/plugin-transform-react-jsx-self': [ '7.29.7' ],
32 silly audit   '@babel/plugin-transform-react-jsx-source': [ '7.29.7' ],
32 silly audit   '@babel/template': [ '7.29.7' ],
32 silly audit   '@babel/traverse': [ '7.29.7' ],
32 silly audit   '@babel/types': [ '7.29.7' ],
32 silly audit   '@esbuild/aix-ppc64': [ '0.21.5' ],
32 silly audit   '@esbuild/android-arm': [ '0.21.5' ],
32 silly audit   '@esbuild/android-arm64': [ '0.21.5' ],
32 silly audit   '@esbuild/android-x64': [ '0.21.5' ],
32 silly audit   '@esbuild/darwin-arm64': [ '0.21.5' ],
32 silly audit   '@esbuild/darwin-x64': [ '0.21.5' ],
32 silly audit   '@esbuild/freebsd-arm64': [ '0.21.5' ],
32 silly audit   '@esbuild/freebsd-x64': [ '0.21.5' ],
32 silly audit   '@esbuild/linux-arm': [ '0.21.5' ],
32 silly audit   '@esbuild/linux-arm64': [ '0.21.5' ],
32 silly audit   '@esbuild/linux-ia32': [ '0.21.5' ],
32 silly audit   '@esbuild/linux-loong64': [ '0.21.5' ],
32 silly audit   '@esbuild/linux-mips64el': [ '0.21.5' ],
32 silly audit   '@esbuild/linux-ppc64': [ '0.21.5' ],
32 silly audit   '@esbuild/linux-riscv64': [ '0.21.5' ],
32 silly audit   '@esbuild/linux-s390x': [ '0.21.5' ],
32 silly audit   '@esbuild/linux-x64': [ '0.21.5' ],
32 silly audit   '@esbuild/netbsd-x64': [ '0.21.5' ],
32 silly audit   '@esbuild/openbsd-x64': [ '0.21.5' ],
32 silly audit   '@esbuild/sunos-x64': [ '0.21.5' ],
32 silly audit   '@esbuild/win32-arm64': [ '0.21.5' ],
32 silly audit   '@esbuild/win32-ia32': [ '0.21.5' ],
32 silly audit   '@esbuild/win32-x64': [ '0.21.5' ],
32 silly audit   '@jridgewell/gen-mapping': [ '0.3.13' ],
32 silly audit   '@jridgewell/remapping': [ '2.3.5' ],
32 silly audit   '@jridgewell/resolve-uri': [ '3.1.2' ],
32 silly audit   '@jridgewell/sourcemap-codec': [ '1.5.5' ],
32 silly audit   '@jridgewell/trace-mapping': [ '0.3.31' ],
32 silly audit   '@nodelib/fs.scandir': [ '2.1.5' ],
32 silly audit   '@nodelib/fs.stat': [ '2.0.5' ],
32 silly audit   '@nodelib/fs.walk': [ '1.2.8' ],
32 silly audit   '@rolldown/pluginutils': [ '1.0.0-beta.27' ],
32 silly audit   '@rollup/rollup-android-arm-eabi': [ '4.62.0' ],
32 silly audit   '@rollup/rollup-android-arm64': [ '4.62.0' ],
32 silly audit   '@rollup/rollup-darwin-arm64': [ '4.62.0' ],
32 silly audit   '@rollup/rollup-darwin-x64': [ '4.62.0' ],
32 silly audit   '@rollup/rollup-freebsd-arm64': [ '4.62.0' ],
32 silly audit   '@rollup/rollup-freebsd-x64': [ '4.62.0' ],
32 silly audit   '@rollup/rollup-linux-arm-gnueabihf': [ '4.62.0' ],
32 silly audit   '@rollup/rollup-linux-arm-musleabihf': [ '4.62.0' ],
32 silly audit   '@rollup/rollup-linux-arm64-gnu': [ '4.62.0' ],
32 silly audit   '@rollup/rollup-linux-arm64-musl': [ '4.62.0' ],
32 silly audit   '@rollup/rollup-linux-loong64-gnu': [ '4.62.0' ],
32 silly audit   '@rollup/rollup-linux-loong64-musl': [ '4.62.0' ],
32 silly audit   '@rollup/rollup-linux-ppc64-gnu': [ '4.62.0' ],
32 silly audit   '@rollup/rollup-linux-ppc64-musl': [ '4.62.0' ],
32 silly audit   '@rollup/rollup-linux-riscv64-gnu': [ '4.62.0' ],
32 silly audit   '@rollup/rollup-linux-riscv64-musl': [ '4.62.0' ],
32 silly audit   '@rollup/rollup-linux-s390x-gnu': [ '4.62.0' ],
32 silly audit   '@rollup/rollup-linux-x64-gnu': [ '4.62.0' ],
32 silly audit   '@rollup/rollup-linux-x64-musl': [ '4.62.0' ],
32 silly audit   '@rollup/rollup-openbsd-x64': [ '4.62.0' ],
32 silly audit   '@rollup/rollup-openharmony-arm64': [ '4.62.0' ],
32 silly audit   '@rollup/rollup-win32-arm64-msvc': [ '4.62.0' ],
32 silly audit   '@rollup/rollup-win32-ia32-msvc': [ '4.62.0' ],
32 silly audit   '@rollup/rollup-win32-x64-gnu': [ '4.62.0' ],
32 silly audit   '@rollup/rollup-win32-x64-msvc': [ '4.62.0' ],
32 silly audit   '@types/babel__core': [ '7.20.5' ],
32 silly audit   '@types/babel__generator': [ '7.27.0' ],
32 silly audit   '@types/babel__template': [ '7.4.4' ],
32 silly audit   '@types/babel__traverse': [ '7.28.0' ],
32 silly audit   '@types/estree': [ '1.0.9' ],
32 silly audit   '@types/prop-types': [ '15.7.15' ],
32 silly audit   '@types/react': [ '18.3.31' ],
32 silly audit   '@types/react-dom': [ '18.3.7' ],
32 silly audit   '@vitejs/plugin-react': [ '4.7.0' ],
32 silly audit   'any-promise': [ '1.3.0' ],
32 silly audit   anymatch: [ '3.1.3' ],
32 silly audit   arg: [ '5.0.2' ],
32 silly audit   autoprefixer: [ '10.5.0' ],
32 silly audit   'baseline-browser-mapping': [ '2.10.37' ],
32 silly audit   'binary-extensions': [ '2.3.0' ],
32 silly audit   braces: [ '3.0.3' ],
32 silly audit   browserslist: [ '4.28.2' ],
32 silly audit   'camelcase-css': [ '2.0.1' ],
32 silly audit   'caniuse-lite': [ '1.0.30001799' ],
32 silly audit   chokidar: [ '3.6.0' ],
32 silly audit   'glob-parent': [ '5.1.2', '6.0.2' ],
32 silly audit   commander: [ '4.1.1' ],
32 silly audit   'convert-source-map': [ '2.0.0' ],
32 silly audit   cssesc: [ '3.0.0' ],
32 silly audit   csstype: [ '3.2.3' ],
32 silly audit   debug: [ '4.4.3' ],
32 silly audit   didyoumean: [ '1.2.2' ],
32 silly audit   dlv: [ '1.1.3' ],
32 silly audit   'electron-to-chromium': [ '1.5.373' ],
32 silly audit   'es-errors': [ '1.3.0' ],
32 silly audit   esbuild: [ '0.21.5' ],
32 silly audit   escalade: [ '3.2.0' ],
32 silly audit   'fast-glob': [ '3.3.3' ],
32 silly audit   fastq: [ '1.20.1' ],
32 silly audit   'fill-range': [ '7.1.1' ],
32 silly audit   'fraction.js': [ '5.3.4' ],
32 silly audit   fsevents: [ '2.3.3' ],
32 silly audit   'function-bind': [ '1.1.2' ],
32 silly audit   gensync: [ '1.0.0-beta.2' ],
32 silly audit   hasown: [ '2.0.4' ],
32 silly audit   'is-binary-path': [ '2.1.0' ],
32 silly audit   'is-core-module': [ '2.16.2' ],
32 silly audit   'is-extglob': [ '2.1.1' ],
32 silly audit   'is-glob': [ '4.0.3' ],
32 silly audit   'is-number': [ '7.0.0' ],
32 silly audit   jiti: [ '1.21.7' ],
32 silly audit   'js-tokens': [ '4.0.0' ],
32 silly audit   jsesc: [ '3.1.0' ],
32 silly audit   json5: [ '2.2.3' ],
32 silly audit   lilconfig: [ '3.1.3' ],
32 silly audit   'lines-and-columns': [ '1.2.4' ],
32 silly audit   'loose-envify': [ '1.4.0' ],
32 silly audit   'lru-cache': [ '5.1.1' ],
32 silly audit   merge2: [ '1.4.1' ],
32 silly audit   micromatch: [ '4.0.8' ],
32 silly audit   ms: [ '2.1.3' ],
32 silly audit   mz: [ '2.7.0' ],
32 silly audit   nanoid: [ '3.3.12' ],
32 silly audit   'node-releases': [ '2.0.47' ],
32 silly audit   'normalize-path': [ '3.0.0' ],
32 silly audit   'object-assign': [ '4.1.1' ],
32 silly audit   'object-hash': [ '3.0.0' ],
32 silly audit   'path-parse': [ '1.0.7' ],
32 silly audit   picocolors: [ '1.1.1' ],
32 silly audit   picomatch: [ '2.3.2', '4.0.4' ],
32 silly audit   pify: [ '2.3.0' ],
32 silly audit   pirates: [ '4.0.7' ],
32 silly audit   postcss: [ '8.5.15' ],
32 silly audit   'postcss-import': [ '15.1.0' ],
32 silly audit   'postcss-js': [ '4.1.0' ],
32 silly audit   'postcss-load-config': [ '6.0.1' ],
32 silly audit   'postcss-nested': [ '6.2.0' ],
32 silly audit   'postcss-selector-parser': [ '6.1.4' ],
32 silly audit   'postcss-value-parser': [ '4.2.0' ],
32 silly audit   'queue-microtask': [ '1.2.3' ],
32 silly audit   react: [ '18.3.1' ],
32 silly audit   'react-dom': [ '18.3.1' ],
32 silly audit   'react-refresh': [ '0.17.0' ],
32 silly audit   'read-cache': [ '1.0.0' ],
32 silly audit   readdirp: [ '3.6.0' ],
32 silly audit   resolve: [ '1.22.12' ],
32 silly audit   reusify: [ '1.1.0' ],
32 silly audit   rollup: [ '4.62.0' ],
32 silly audit   'run-parallel': [ '1.2.0' ],
32 silly audit   scheduler: [ '0.23.2' ],
32 silly audit   semver: [ '6.3.1' ],
32 silly audit   'source-map-js': [ '1.2.1' ],
32 silly audit   sucrase: [ '3.35.1' ],
32 silly audit   'supports-preserve-symlinks-flag': [ '1.0.0' ],
32 silly audit   tailwindcss: [ '3.4.19' ],
32 silly audit   thenify: [ '3.3.1' ],
32 silly audit   'thenify-all': [ '1.6.0' ],
32 silly audit   tinyglobby: [ '0.2.17' ],
32 silly audit   fdir: [ '6.5.0' ],
32 silly audit   'to-regex-range': [ '5.0.1' ],
32 silly audit   'ts-interface-checker': [ '0.1.13' ],
32 silly audit   'update-browserslist-db': [ '1.2.3' ],
32 silly audit   'util-deprecate': [ '1.0.2' ],
32 silly audit   vite: [ '5.4.21' ],
32 silly audit   yallist: [ '3.1.1' ]
32 silly audit }
33 verbose reify failed optional dependency C:\Users\janis\asset-monitoring-backend\frontend\node_modules\fsevents
34 silly reify mark deleted [
34 silly reify   'C:\\Users\\janis\\asset-monitoring-backend\\frontend\\node_modules\\fsevents'
34 silly reify ]
35 verbose reify failed optional dependency C:\Users\janis\asset-monitoring-backend\frontend\node_modules\@rollup\rollup-win32-ia32-msvc
36 silly reify mark deleted [
36 silly reify   'C:\\Users\\janis\\asset-monitoring-backend\\frontend\\node_modules\\@rollup\\rollup-win32-ia32-msvc'
36 silly reify ]
37 verbose reify failed optional dependency C:\Users\janis\asset-monitoring-backend\frontend\node_modules\@rollup\rollup-win32-arm64-msvc
38 silly reify mark deleted [
38 silly reify   'C:\\Users\\janis\\asset-monitoring-backend\\frontend\\node_modules\\@rollup\\rollup-win32-arm64-msvc'
38 silly reify ]
39 verbose reify failed optional dependency C:\Users\janis\asset-monitoring-backend\frontend\node_modules\@rollup\rollup-openharmony-arm64
40 silly reify mark deleted [
40 silly reify   'C:\\Users\\janis\\asset-monitoring-backend\\frontend\\node_modules\\@rollup\\rollup-openharmony-arm64'
40 silly reify ]
41 verbose reify failed optional dependency C:\Users\janis\asset-monitoring-backend\frontend\node_modules\@rollup\rollup-openbsd-x64
42 silly reify mark deleted [
42 silly reify   'C:\\Users\\janis\\asset-monitoring-backend\\frontend\\node_modules\\@rollup\\rollup-openbsd-x64'
42 silly reify ]
43 verbose reify failed optional dependency C:\Users\janis\asset-monitoring-backend\frontend\node_modules\@rollup\rollup-linux-x64-musl
44 silly reify mark deleted [
44 silly reify   'C:\\Users\\janis\\asset-monitoring-backend\\frontend\\node_modules\\@rollup\\rollup-linux-x64-musl'
44 silly reify ]
45 verbose reify failed optional dependency C:\Users\janis\asset-monitoring-backend\frontend\node_modules\@rollup\rollup-linux-x64-gnu
46 silly reify mark deleted [
46 silly reify   'C:\\Users\\janis\\asset-monitoring-backend\\frontend\\node_modules\\@rollup\\rollup-linux-x64-gnu'
46 silly reify ]
47 verbose reify failed optional dependency C:\Users\janis\asset-monitoring-backend\frontend\node_modules\@rollup\rollup-linux-s390x-gnu
48 silly reify mark deleted [
48 silly reify   'C:\\Users\\janis\\asset-monitoring-backend\\frontend\\node_modules\\@rollup\\rollup-linux-s390x-gnu'
48 silly reify ]
49 verbose reify failed optional dependency C:\Users\janis\asset-monitoring-backend\frontend\node_modules\@rollup\rollup-linux-riscv64-musl
50 silly reify mark deleted [
50 silly reify   'C:\\Users\\janis\\asset-monitoring-backend\\frontend\\node_modules\\@rollup\\rollup-linux-riscv64-musl'
50 silly reify ]
51 verbose reify failed optional dependency C:\Users\janis\asset-monitoring-backend\frontend\node_modules\@rollup\rollup-linux-riscv64-gnu
52 silly reify mark deleted [
52 silly reify   'C:\\Users\\janis\\asset-monitoring-backend\\frontend\\node_modules\\@rollup\\rollup-linux-riscv64-gnu'
52 silly reify ]
53 verbose reify failed optional dependency C:\Users\janis\asset-monitoring-backend\frontend\node_modules\@rollup\rollup-linux-ppc64-musl
54 silly reify mark deleted [
54 silly reify   'C:\\Users\\janis\\asset-monitoring-backend\\frontend\\node_modules\\@rollup\\rollup-linux-ppc64-musl'
54 silly reify ]
55 verbose reify failed optional dependency C:\Users\janis\asset-monitoring-backend\frontend\node_modules\@rollup\rollup-linux-ppc64-gnu
56 silly reify mark deleted [
56 silly reify   'C:\\Users\\janis\\asset-monitoring-backend\\frontend\\node_modules\\@rollup\\rollup-linux-ppc64-gnu'
56 silly reify ]
57 verbose reify failed optional dependency C:\Users\janis\asset-monitoring-backend\frontend\node_modules\@rollup\rollup-linux-loong64-musl
58 silly reify mark deleted [
58 silly reify   'C:\\Users\\janis\\asset-monitoring-backend\\frontend\\node_modules\\@rollup\\rollup-linux-loong64-musl'
58 silly reify ]
59 verbose reify failed optional dependency C:\Users\janis\asset-monitoring-backend\frontend\node_modules\@rollup\rollup-linux-loong64-gnu
60 silly reify mark deleted [
60 silly reify   'C:\\Users\\janis\\asset-monitoring-backend\\frontend\\node_modules\\@rollup\\rollup-linux-loong64-gnu'
60 silly reify ]
61 verbose reify failed optional dependency C:\Users\janis\asset-monitoring-backend\frontend\node_modules\@rollup\rollup-linux-arm64-musl
62 silly reify mark deleted [
62 silly reify   'C:\\Users\\janis\\asset-monitoring-backend\\frontend\\node_modules\\@rollup\\rollup-linux-arm64-musl'
62 silly reify ]
63 verbose reify failed optional dependency C:\Users\janis\asset-monitoring-backend\frontend\node_modules\@rollup\rollup-linux-arm64-gnu
64 silly reify mark deleted [
64 silly reify   'C:\\Users\\janis\\asset-monitoring-backend\\frontend\\node_modules\\@rollup\\rollup-linux-arm64-gnu'
64 silly reify ]
65 verbose reify failed optional dependency C:\Users\janis\asset-monitoring-backend\frontend\node_modules\@rollup\rollup-linux-arm-musleabihf
66 silly reify mark deleted [
66 silly reify   'C:\\Users\\janis\\asset-monitoring-backend\\frontend\\node_modules\\@rollup\\rollup-linux-arm-musleabihf'
66 silly reify ]
67 verbose reify failed optional dependency C:\Users\janis\asset-monitoring-backend\frontend\node_modules\@rollup\rollup-linux-arm-gnueabihf
68 silly reify mark deleted [
68 silly reify   'C:\\Users\\janis\\asset-monitoring-backend\\frontend\\node_modules\\@rollup\\rollup-linux-arm-gnueabihf'
68 silly reify ]
69 verbose reify failed optional dependency C:\Users\janis\asset-monitoring-backend\frontend\node_modules\@rollup\rollup-freebsd-x64
70 silly reify mark deleted [
70 silly reify   'C:\\Users\\janis\\asset-monitoring-backend\\frontend\\node_modules\\@rollup\\rollup-freebsd-x64'
70 silly reify ]
71 verbose reify failed optional dependency C:\Users\janis\asset-monitoring-backend\frontend\node_modules\@rollup\rollup-freebsd-arm64
72 silly reify mark deleted [
72 silly reify   'C:\\Users\\janis\\asset-monitoring-backend\\frontend\\node_modules\\@rollup\\rollup-freebsd-arm64'
72 silly reify ]
73 verbose reify failed optional dependency C:\Users\janis\asset-monitoring-backend\frontend\node_modules\@rollup\rollup-darwin-x64
74 silly reify mark deleted [
74 silly reify   'C:\\Users\\janis\\asset-monitoring-backend\\frontend\\node_modules\\@rollup\\rollup-darwin-x64'
74 silly reify ]
75 verbose reify failed optional dependency C:\Users\janis\asset-monitoring-backend\frontend\node_modules\@rollup\rollup-darwin-arm64
76 silly reify mark deleted [
76 silly reify   'C:\\Users\\janis\\asset-monitoring-backend\\frontend\\node_modules\\@rollup\\rollup-darwin-arm64'
76 silly reify ]
77 verbose reify failed optional dependency C:\Users\janis\asset-monitoring-backend\frontend\node_modules\@rollup\rollup-android-arm64
78 silly reify mark deleted [
78 silly reify   'C:\\Users\\janis\\asset-monitoring-backend\\frontend\\node_modules\\@rollup\\rollup-android-arm64'
78 silly reify ]
79 verbose reify failed optional dependency C:\Users\janis\asset-monitoring-backend\frontend\node_modules\@rollup\rollup-android-arm-eabi
80 silly reify mark deleted [
80 silly reify   'C:\\Users\\janis\\asset-monitoring-backend\\frontend\\node_modules\\@rollup\\rollup-android-arm-eabi'
80 silly reify ]
81 verbose reify failed optional dependency C:\Users\janis\asset-monitoring-backend\frontend\node_modules\@esbuild\win32-ia32
82 silly reify mark deleted [
82 silly reify   'C:\\Users\\janis\\asset-monitoring-backend\\frontend\\node_modules\\@esbuild\\win32-ia32'
82 silly reify ]
83 verbose reify failed optional dependency C:\Users\janis\asset-monitoring-backend\frontend\node_modules\@esbuild\win32-arm64
84 silly reify mark deleted [
84 silly reify   'C:\\Users\\janis\\asset-monitoring-backend\\frontend\\node_modules\\@esbuild\\win32-arm64'
84 silly reify ]
85 verbose reify failed optional dependency C:\Users\janis\asset-monitoring-backend\frontend\node_modules\@esbuild\sunos-x64
86 silly reify mark deleted [
86 silly reify   'C:\\Users\\janis\\asset-monitoring-backend\\frontend\\node_modules\\@esbuild\\sunos-x64'
86 silly reify ]
87 verbose reify failed optional dependency C:\Users\janis\asset-monitoring-backend\frontend\node_modules\@esbuild\openbsd-x64
88 silly reify mark deleted [
88 silly reify   'C:\\Users\\janis\\asset-monitoring-backend\\frontend\\node_modules\\@esbuild\\openbsd-x64'
88 silly reify ]
89 verbose reify failed optional dependency C:\Users\janis\asset-monitoring-backend\frontend\node_modules\@esbuild\netbsd-x64
90 silly reify mark deleted [
90 silly reify   'C:\\Users\\janis\\asset-monitoring-backend\\frontend\\node_modules\\@esbuild\\netbsd-x64'
90 silly reify ]
91 verbose reify failed optional dependency C:\Users\janis\asset-monitoring-backend\frontend\node_modules\@esbuild\linux-x64
92 silly reify mark deleted [
92 silly reify   'C:\\Users\\janis\\asset-monitoring-backend\\frontend\\node_modules\\@esbuild\\linux-x64'
92 silly reify ]
93 verbose reify failed optional dependency C:\Users\janis\asset-monitoring-backend\frontend\node_modules\@esbuild\linux-s390x
94 silly reify mark deleted [
94 silly reify   'C:\\Users\\janis\\asset-monitoring-backend\\frontend\\node_modules\\@esbuild\\linux-s390x'
94 silly reify ]
95 verbose reify failed optional dependency C:\Users\janis\asset-monitoring-backend\frontend\node_modules\@esbuild\linux-riscv64
96 silly reify mark deleted [
96 silly reify   'C:\\Users\\janis\\asset-monitoring-backend\\frontend\\node_modules\\@esbuild\\linux-riscv64'
96 silly reify ]
97 verbose reify failed optional dependency C:\Users\janis\asset-monitoring-backend\frontend\node_modules\@esbuild\linux-ppc64
98 silly reify mark deleted [
98 silly reify   'C:\\Users\\janis\\asset-monitoring-backend\\frontend\\node_modules\\@esbuild\\linux-ppc64'
98 silly reify ]
99 verbose reify failed optional dependency C:\Users\janis\asset-monitoring-backend\frontend\node_modules\@esbuild\linux-mips64el
100 silly reify mark deleted [
100 silly reify   'C:\\Users\\janis\\asset-monitoring-backend\\frontend\\node_modules\\@esbuild\\linux-mips64el'
100 silly reify ]
101 verbose reify failed optional dependency C:\Users\janis\asset-monitoring-backend\frontend\node_modules\@esbuild\linux-loong64
102 silly reify mark deleted [
102 silly reify   'C:\\Users\\janis\\asset-monitoring-backend\\frontend\\node_modules\\@esbuild\\linux-loong64'
102 silly reify ]
103 verbose reify failed optional dependency C:\Users\janis\asset-monitoring-backend\frontend\node_modules\@esbuild\linux-ia32
104 silly reify mark deleted [
104 silly reify   'C:\\Users\\janis\\asset-monitoring-backend\\frontend\\node_modules\\@esbuild\\linux-ia32'
104 silly reify ]
105 verbose reify failed optional dependency C:\Users\janis\asset-monitoring-backend\frontend\node_modules\@esbuild\linux-arm64
106 silly reify mark deleted [
106 silly reify   'C:\\Users\\janis\\asset-monitoring-backend\\frontend\\node_modules\\@esbuild\\linux-arm64'
106 silly reify ]
107 verbose reify failed optional dependency C:\Users\janis\asset-monitoring-backend\frontend\node_modules\@esbuild\linux-arm
108 silly reify mark deleted [
108 silly reify   'C:\\Users\\janis\\asset-monitoring-backend\\frontend\\node_modules\\@esbuild\\linux-arm'
108 silly reify ]
109 verbose reify failed optional dependency C:\Users\janis\asset-monitoring-backend\frontend\node_modules\@esbuild\freebsd-x64
110 silly reify mark deleted [
110 silly reify   'C:\\Users\\janis\\asset-monitoring-backend\\frontend\\node_modules\\@esbuild\\freebsd-x64'
110 silly reify ]
111 verbose reify failed optional dependency C:\Users\janis\asset-monitoring-backend\frontend\node_modules\@esbuild\freebsd-arm64
112 silly reify mark deleted [
112 silly reify   'C:\\Users\\janis\\asset-monitoring-backend\\frontend\\node_modules\\@esbuild\\freebsd-arm64'
112 silly reify ]
113 verbose reify failed optional dependency C:\Users\janis\asset-monitoring-backend\frontend\node_modules\@esbuild\darwin-x64
114 silly reify mark deleted [
114 silly reify   'C:\\Users\\janis\\asset-monitoring-backend\\frontend\\node_modules\\@esbuild\\darwin-x64'
114 silly reify ]
115 verbose reify failed optional dependency C:\Users\janis\asset-monitoring-backend\frontend\node_modules\@esbuild\darwin-arm64
116 silly reify mark deleted [
116 silly reify   'C:\\Users\\janis\\asset-monitoring-backend\\frontend\\node_modules\\@esbuild\\darwin-arm64'
116 silly reify ]
117 verbose reify failed optional dependency C:\Users\janis\asset-monitoring-backend\frontend\node_modules\@esbuild\android-x64
118 silly reify mark deleted [
118 silly reify   'C:\\Users\\janis\\asset-monitoring-backend\\frontend\\node_modules\\@esbuild\\android-x64'
118 silly reify ]
119 verbose reify failed optional dependency C:\Users\janis\asset-monitoring-backend\frontend\node_modules\@esbuild\android-arm64
120 silly reify mark deleted [
120 silly reify   'C:\\Users\\janis\\asset-monitoring-backend\\frontend\\node_modules\\@esbuild\\android-arm64'
120 silly reify ]
121 verbose reify failed optional dependency C:\Users\janis\asset-monitoring-backend\frontend\node_modules\@esbuild\android-arm
122 silly reify mark deleted [
122 silly reify   'C:\\Users\\janis\\asset-monitoring-backend\\frontend\\node_modules\\@esbuild\\android-arm'
122 silly reify ]
123 verbose reify failed optional dependency C:\Users\janis\asset-monitoring-backend\frontend\node_modules\@esbuild\aix-ppc64
124 silly reify mark deleted [
124 silly reify   'C:\\Users\\janis\\asset-monitoring-backend\\frontend\\node_modules\\@esbuild\\aix-ppc64'
124 silly reify ]
125 http fetch GET 200 https://registry.npmjs.org/npm 566ms
126 http cache @babel/types@https://registry.npmjs.org/@babel/types/-/types-7.29.7.tgz 1ms (cache hit)
127 http cache @babel/template@https://registry.npmjs.org/@babel/template/-/template-7.29.7.tgz 1ms (cache hit)
128 http cache @babel/traverse@https://registry.npmjs.org/@babel/traverse/-/traverse-7.29.7.tgz 0ms (cache hit)
129 http cache @babel/plugin-transform-react-jsx-source@https://registry.npmjs.org/@babel/plugin-transform-react-jsx-source/-/plugin-transform-react-jsx-source-7.29.7.tgz 0ms (cache hit)
130 http cache @babel/plugin-transform-react-jsx-self@https://registry.npmjs.org/@babel/plugin-transform-react-jsx-self/-/plugin-transform-react-jsx-self-7.29.7.tgz 0ms (cache hit)
131 http cache @babel/helpers@https://registry.npmjs.org/@babel/helpers/-/helpers-7.29.7.tgz 0ms (cache hit)
132 http cache @babel/parser@https://registry.npmjs.org/@babel/parser/-/parser-7.29.7.tgz 0ms (cache hit)
133 http cache @babel/helper-validator-option@https://registry.npmjs.org/@babel/helper-validator-option/-/helper-validator-option-7.29.7.tgz 0ms (cache hit)
134 http cache @babel/helper-string-parser@https://registry.npmjs.org/@babel/helper-string-parser/-/helper-string-parser-7.29.7.tgz 0ms (cache hit)
135 http cache @babel/helper-validator-identifier@https://registry.npmjs.org/@babel/helper-validator-identifier/-/helper-validator-identifier-7.29.7.tgz 0ms (cache hit)
136 http cache @babel/helper-plugin-utils@https://registry.npmjs.org/@babel/helper-plugin-utils/-/helper-plugin-utils-7.29.7.tgz 0ms (cache hit)
137 http cache @babel/helper-module-transforms@https://registry.npmjs.org/@babel/helper-module-transforms/-/helper-module-transforms-7.29.7.tgz 0ms (cache hit)
138 http cache @babel/helper-module-imports@https://registry.npmjs.org/@babel/helper-module-imports/-/helper-module-imports-7.29.7.tgz 0ms (cache hit)
139 http cache @babel/helper-compilation-targets@https://registry.npmjs.org/@babel/helper-compilation-targets/-/helper-compilation-targets-7.29.7.tgz 0ms (cache hit)
140 http cache @babel/helper-globals@https://registry.npmjs.org/@babel/helper-globals/-/helper-globals-7.29.7.tgz 0ms (cache hit)
141 http cache @babel/core@https://registry.npmjs.org/@babel/core/-/core-7.29.7.tgz 0ms (cache hit)
142 http cache @babel/compat-data@https://registry.npmjs.org/@babel/compat-data/-/compat-data-7.29.7.tgz 0ms (cache hit)
143 http cache @babel/code-frame@https://registry.npmjs.org/@babel/code-frame/-/code-frame-7.29.7.tgz 0ms (cache hit)
144 http cache sucrase@https://registry.npmjs.org/sucrase/-/sucrase-3.35.1.tgz 0ms (cache hit)
145 http cache @babel/generator@https://registry.npmjs.org/@babel/generator/-/generator-7.29.7.tgz 0ms (cache hit)
146 http cache @alloc/quick-lru@https://registry.npmjs.org/@alloc/quick-lru/-/quick-lru-5.2.0.tgz 0ms (cache hit)
147 http cache vite@https://registry.npmjs.org/vite/-/vite-5.4.21.tgz 0ms (cache hit)
148 http cache update-browserslist-db@https://registry.npmjs.org/update-browserslist-db/-/update-browserslist-db-1.2.3.tgz 0ms (cache hit)
149 http cache tailwindcss@https://registry.npmjs.org/tailwindcss/-/tailwindcss-3.4.19.tgz 0ms (cache hit)
150 http cache rollup@https://registry.npmjs.org/rollup/-/rollup-4.62.0.tgz 0ms (cache hit)
151 http cache resolve@https://registry.npmjs.org/resolve/-/resolve-1.22.12.tgz 0ms (cache hit)
152 http cache semver@https://registry.npmjs.org/semver/-/semver-6.3.1.tgz 0ms (cache hit)
153 http cache nanoid@https://registry.npmjs.org/nanoid/-/nanoid-3.3.12.tgz 0ms (cache hit)
154 http cache loose-envify@https://registry.npmjs.org/loose-envify/-/loose-envify-1.4.0.tgz 0ms (cache hit)
155 http cache json5@https://registry.npmjs.org/json5/-/json5-2.2.3.tgz 0ms (cache hit)
156 http cache jiti@https://registry.npmjs.org/jiti/-/jiti-1.21.7.tgz 0ms (cache hit)
157 http cache jsesc@https://registry.npmjs.org/jsesc/-/jsesc-3.1.0.tgz 0ms (cache hit)
158 http cache baseline-browser-mapping@https://registry.npmjs.org/baseline-browser-mapping/-/baseline-browser-mapping-2.10.37.tgz 0ms (cache hit)
159 http cache cssesc@https://registry.npmjs.org/cssesc/-/cssesc-3.0.0.tgz 0ms (cache hit)
160 http cache esbuild@https://registry.npmjs.org/esbuild/-/esbuild-0.21.5.tgz 0ms (cache hit)
161 silly tarball no local data for @babel/types@https://registry.npmjs.org/@babel/types/-/types-7.29.7.tgz. Extracting by manifest.
162 http cache autoprefixer@https://registry.npmjs.org/autoprefixer/-/autoprefixer-10.5.0.tgz 0ms (cache hit)
163 http cache browserslist@https://registry.npmjs.org/browserslist/-/browserslist-4.28.2.tgz 0ms (cache hit)
164 silly tarball no local data for @babel/template@https://registry.npmjs.org/@babel/template/-/template-7.29.7.tgz. Extracting by manifest.
165 silly tarball no local data for @babel/traverse@https://registry.npmjs.org/@babel/traverse/-/traverse-7.29.7.tgz. Extracting by manifest.
166 silly tarball no local data for @babel/plugin-transform-react-jsx-source@https://registry.npmjs.org/@babel/plugin-transform-react-jsx-source/-/plugin-transform-react-jsx-source-7.29.7.tgz. Extracting by manifest.
167 silly tarball no local data for @babel/plugin-transform-react-jsx-self@https://registry.npmjs.org/@babel/plugin-transform-react-jsx-self/-/plugin-transform-react-jsx-self-7.29.7.tgz. Extracting by manifest.
168 silly tarball no local data for @babel/helpers@https://registry.npmjs.org/@babel/helpers/-/helpers-7.29.7.tgz. Extracting by manifest.
169 silly tarball no local data for @babel/parser@https://registry.npmjs.org/@babel/parser/-/parser-7.29.7.tgz. Extracting by manifest.
170 silly tarball no local data for @babel/helper-validator-option@https://registry.npmjs.org/@babel/helper-validator-option/-/helper-validator-option-7.29.7.tgz. Extracting by manifest.
171 silly tarball no local data for @babel/helper-string-parser@https://registry.npmjs.org/@babel/helper-string-parser/-/helper-string-parser-7.29.7.tgz. Extracting by manifest.
172 silly tarball no local data for @babel/helper-validator-identifier@https://registry.npmjs.org/@babel/helper-validator-identifier/-/helper-validator-identifier-7.29.7.tgz. Extracting by manifest.
173 silly tarball no local data for @babel/helper-plugin-utils@https://registry.npmjs.org/@babel/helper-plugin-utils/-/helper-plugin-utils-7.29.7.tgz. Extracting by manifest.
174 silly tarball no local data for @babel/helper-module-transforms@https://registry.npmjs.org/@babel/helper-module-transforms/-/helper-module-transforms-7.29.7.tgz. Extracting by manifest.
175 silly tarball no local data for @babel/helper-module-imports@https://registry.npmjs.org/@babel/helper-module-imports/-/helper-module-imports-7.29.7.tgz. Extracting by manifest.
176 silly tarball no local data for @babel/helper-compilation-targets@https://registry.npmjs.org/@babel/helper-compilation-targets/-/helper-compilation-targets-7.29.7.tgz. Extracting by manifest.
177 silly tarball no local data for @babel/helper-globals@https://registry.npmjs.org/@babel/helper-globals/-/helper-globals-7.29.7.tgz. Extracting by manifest.
178 silly tarball no local data for @babel/core@https://registry.npmjs.org/@babel/core/-/core-7.29.7.tgz. Extracting by manifest.
179 silly tarball no local data for @babel/compat-data@https://registry.npmjs.org/@babel/compat-data/-/compat-data-7.29.7.tgz. Extracting by manifest.
180 silly tarball no local data for @babel/code-frame@https://registry.npmjs.org/@babel/code-frame/-/code-frame-7.29.7.tgz. Extracting by manifest.
181 silly tarball no local data for sucrase@https://registry.npmjs.org/sucrase/-/sucrase-3.35.1.tgz. Extracting by manifest.
182 silly tarball no local data for @babel/generator@https://registry.npmjs.org/@babel/generator/-/generator-7.29.7.tgz. Extracting by manifest.
183 silly tarball no local data for @alloc/quick-lru@https://registry.npmjs.org/@alloc/quick-lru/-/quick-lru-5.2.0.tgz. Extracting by manifest.
184 silly tarball no local data for vite@https://registry.npmjs.org/vite/-/vite-5.4.21.tgz. Extracting by manifest.
185 silly tarball no local data for update-browserslist-db@https://registry.npmjs.org/update-browserslist-db/-/update-browserslist-db-1.2.3.tgz. Extracting by manifest.
186 silly tarball no local data for tailwindcss@https://registry.npmjs.org/tailwindcss/-/tailwindcss-3.4.19.tgz. Extracting by manifest.
187 silly tarball no local data for rollup@https://registry.npmjs.org/rollup/-/rollup-4.62.0.tgz. Extracting by manifest.
188 silly tarball no local data for resolve@https://registry.npmjs.org/resolve/-/resolve-1.22.12.tgz. Extracting by manifest.
189 silly tarball no local data for semver@https://registry.npmjs.org/semver/-/semver-6.3.1.tgz. Extracting by manifest.
190 silly tarball no local data for nanoid@https://registry.npmjs.org/nanoid/-/nanoid-3.3.12.tgz. Extracting by manifest.
191 silly tarball no local data for loose-envify@https://registry.npmjs.org/loose-envify/-/loose-envify-1.4.0.tgz. Extracting by manifest.
192 silly tarball no local data for json5@https://registry.npmjs.org/json5/-/json5-2.2.3.tgz. Extracting by manifest.
193 silly tarball no local data for jiti@https://registry.npmjs.org/jiti/-/jiti-1.21.7.tgz. Extracting by manifest.
194 silly tarball no local data for jsesc@https://registry.npmjs.org/jsesc/-/jsesc-3.1.0.tgz. Extracting by manifest.
195 silly tarball no local data for baseline-browser-mapping@https://registry.npmjs.org/baseline-browser-mapping/-/baseline-browser-mapping-2.10.37.tgz. Extracting by manifest.
196 silly tarball no local data for cssesc@https://registry.npmjs.org/cssesc/-/cssesc-3.0.0.tgz. Extracting by manifest.
197 silly tarball no local data for esbuild@https://registry.npmjs.org/esbuild/-/esbuild-0.21.5.tgz. Extracting by manifest.
198 silly tarball no local data for autoprefixer@https://registry.npmjs.org/autoprefixer/-/autoprefixer-10.5.0.tgz. Extracting by manifest.
199 silly tarball no local data for browserslist@https://registry.npmjs.org/browserslist/-/browserslist-4.28.2.tgz. Extracting by manifest.
200 http fetch GET 200 https://registry.npmjs.org/@babel/helper-globals/-/helper-globals-7.29.7.tgz 212ms (cache miss)
201 http fetch POST 200 https://registry.npmjs.org/-/npm/v1/security/advisories/bulk 486ms
202 silly audit report {
202 silly audit report   esbuild: [
202 silly audit report     {
202 silly audit report       id: 1102341,
202 silly audit report       url: 'https://github.com/advisories/GHSA-67mh-4wv8-2f99',
202 silly audit report       title: 'esbuild enables any website to send any requests to the development server and read the response',
202 silly audit report       severity: 'moderate',
202 silly audit report       vulnerable_versions: '<=0.24.2',
202 silly audit report       cwe: [Array],
202 silly audit report       cvss: [Object]
202 silly audit report     },
202 silly audit report     {
202 silly audit report       id: 1120679,
202 silly audit report       url: 'https://github.com/advisories/GHSA-gv7w-rqvm-qjhr',
202 silly audit report       title: 'esbuild: Missing binary integrity verification in Deno module enables remote code execution via NPM_CONFIG_REGISTRY',
202 silly audit report       severity: 'high',
202 silly audit report       vulnerable_versions: '>=0.17.0 <0.28.1',
202 silly audit report       cwe: [Array],
202 silly audit report       cvss: [Object]
202 silly audit report     }
202 silly audit report   ],
202 silly audit report   vite: [
202 silly audit report     {
202 silly audit report       id: 1120784,
202 silly audit report       url: 'https://github.com/advisories/GHSA-v6wh-96g9-6wx3',
202 silly audit report       title: 'launch-editor: NTLMv2 hash disclosure via UNC path handling on Windows',
202 silly audit report       severity: 'moderate',
202 silly audit report       vulnerable_versions: '<=6.4.2',
202 silly audit report       cwe: [Array],
202 silly audit report       cvss: [Object]
202 silly audit report     },
202 silly audit report     {
202 silly audit report       id: 1120789,
202 silly audit report       url: 'https://github.com/advisories/GHSA-fx2h-pf6j-xcff',
202 silly audit report       title: 'vite: `server.fs.deny` bypass on Windows alternate paths',
202 silly audit report       severity: 'high',
202 silly audit report       vulnerable_versions: '<=6.4.2',
202 silly audit report       cwe: [Array],
202 silly audit report       cvss: [Object]
202 silly audit report     },
202 silly audit report     {
202 silly audit report       id: 1116229,
202 silly audit report       url: 'https://github.com/advisories/GHSA-4w7w-66w2-5vf9',
202 silly audit report       title: 'Vite Vulnerable to Path Traversal in Optimized Deps `.map` Handling',
202 silly audit report       severity: 'moderate',
202 silly audit report       vulnerable_versions: '<=6.4.1',
202 silly audit report       cwe: [Array],
202 silly audit report       cvss: [Object]
202 silly audit report     }
202 silly audit report   ]
202 silly audit report }
203 silly packumentCache corgi:https://registry.npmjs.org/esbuild cache-miss
204 silly packumentCache corgi:https://registry.npmjs.org/vite cache-miss
205 http fetch GET 200 https://registry.npmjs.org/@babel/plugin-transform-react-jsx-self/-/plugin-transform-react-jsx-self-7.29.7.tgz 438ms (cache miss)
206 http fetch GET 200 https://registry.npmjs.org/@babel/helper-plugin-utils/-/helper-plugin-utils-7.29.7.tgz 486ms (cache miss)
207 http fetch GET 200 https://registry.npmjs.org/@babel/plugin-transform-react-jsx-source/-/plugin-transform-react-jsx-source-7.29.7.tgz 506ms (cache miss)
208 http fetch GET 200 https://registry.npmjs.org/loose-envify/-/loose-envify-1.4.0.tgz 557ms (cache miss)
209 http fetch GET 200 https://registry.npmjs.org/@alloc/quick-lru/-/quick-lru-5.2.0.tgz 590ms (cache miss)
210 http fetch GET 200 https://registry.npmjs.org/@babel/helper-string-parser/-/helper-string-parser-7.29.7.tgz 628ms (cache miss)
211 http fetch GET 200 https://registry.npmjs.org/update-browserslist-db/-/update-browserslist-db-1.2.3.tgz 633ms (cache miss)
212 http fetch GET 200 https://registry.npmjs.org/@babel/helper-validator-option/-/helper-validator-option-7.29.7.tgz 656ms (cache miss)
213 http fetch GET 200 https://registry.npmjs.org/@babel/code-frame/-/code-frame-7.29.7.tgz 684ms (cache miss)
214 http fetch GET 200 https://registry.npmjs.org/cssesc/-/cssesc-3.0.0.tgz 681ms (cache miss)
215 http fetch GET 200 https://registry.npmjs.org/@babel/helper-validator-identifier/-/helper-validator-identifier-7.29.7.tgz 703ms (cache miss)
216 http fetch GET 200 https://registry.npmjs.org/jsesc/-/jsesc-3.1.0.tgz 710ms (cache miss)
217 http fetch GET 200 https://registry.npmjs.org/semver/-/semver-6.3.1.tgz 736ms (cache miss)
218 http fetch GET 200 https://registry.npmjs.org/@babel/helper-module-imports/-/helper-module-imports-7.29.7.tgz 756ms (cache miss)
219 http fetch GET 200 https://registry.npmjs.org/baseline-browser-mapping/-/baseline-browser-mapping-2.10.37.tgz 750ms (cache miss)
220 http fetch GET 200 https://registry.npmjs.org/browserslist/-/browserslist-4.28.2.tgz 747ms (cache miss)
221 http fetch GET 200 https://registry.npmjs.org/@babel/compat-data/-/compat-data-7.29.7.tgz 799ms (cache miss)
222 http fetch GET 200 https://registry.npmjs.org/esbuild/-/esbuild-0.21.5.tgz 800ms (cache miss)
223 http fetch GET 200 https://registry.npmjs.org/@babel/helper-compilation-targets/-/helper-compilation-targets-7.29.7.tgz 878ms (cache miss)
224 http fetch GET 200 https://registry.npmjs.org/@babel/template/-/template-7.29.7.tgz 905ms (cache miss)
225 http fetch GET 200 https://registry.npmjs.org/esbuild 516ms (cache miss)
226 silly packumentCache corgi:https://registry.npmjs.org/esbuild set size:undefined disposed:false
227 http fetch GET 200 https://registry.npmjs.org/@babel/helper-module-transforms/-/helper-module-transforms-7.29.7.tgz 957ms (cache miss)
228 http fetch GET 200 https://registry.npmjs.org/nanoid/-/nanoid-3.3.12.tgz 1011ms (cache miss)
229 http fetch GET 200 https://registry.npmjs.org/json5/-/json5-2.2.3.tgz 1016ms (cache miss)
230 http fetch GET 200 https://registry.npmjs.org/vite 708ms (cache miss)
231 silly packumentCache corgi:https://registry.npmjs.org/vite set size:undefined disposed:false
232 http fetch GET 200 https://registry.npmjs.org/@babel/parser/-/parser-7.29.7.tgz 1386ms (cache miss)
233 silly packumentCache corgi:https://registry.npmjs.org/@vitejs%2fplugin-react cache-miss
234 http fetch GET 200 https://registry.npmjs.org/jiti/-/jiti-1.21.7.tgz 1463ms (cache miss)
235 http fetch GET 200 https://registry.npmjs.org/@vitejs%2fplugin-react 150ms (cache miss)
236 silly packumentCache corgi:https://registry.npmjs.org/@vitejs%2fplugin-react set size:undefined disposed:false
237 http fetch GET 200 https://registry.npmjs.org/rollup/-/rollup-4.62.0.tgz 1841ms (cache miss)
238 http fetch GET 200 https://registry.npmjs.org/@babel/generator/-/generator-7.29.7.tgz 1848ms (cache miss)
239 http fetch GET 200 https://registry.npmjs.org/vite/-/vite-5.4.21.tgz 1920ms (cache miss)
240 http fetch GET 200 https://registry.npmjs.org/@babel/traverse/-/traverse-7.29.7.tgz 2072ms (cache miss)
241 http fetch GET 200 https://registry.npmjs.org/autoprefixer/-/autoprefixer-10.5.0.tgz 2070ms (cache miss)
242 http fetch GET 200 https://registry.npmjs.org/resolve/-/resolve-1.22.12.tgz 2171ms (cache miss)
243 http fetch GET 200 https://registry.npmjs.org/@babel/core/-/core-7.29.7.tgz 2360ms (cache miss)
244 http fetch GET 200 https://registry.npmjs.org/@babel/types/-/types-7.29.7.tgz 2885ms (cache miss)
245 http fetch GET 200 https://registry.npmjs.org/sucrase/-/sucrase-3.35.1.tgz 3085ms (cache miss)
246 http fetch GET 200 https://registry.npmjs.org/tailwindcss/-/tailwindcss-3.4.19.tgz 3196ms (cache miss)
247 http fetch GET 200 https://registry.npmjs.org/@babel/helpers/-/helpers-7.29.7.tgz 3231ms (cache miss)
248 info run esbuild@0.21.5 postinstall node_modules/esbuild node install.js
249 info run esbuild@0.21.5 postinstall { code: 0, signal: null }
250 silly ADD node_modules/fsevents
251 silly ADD node_modules/@rollup/rollup-win32-ia32-msvc
252 silly ADD node_modules/@rollup/rollup-win32-arm64-msvc
253 silly ADD node_modules/@rollup/rollup-openharmony-arm64
254 silly ADD node_modules/@rollup/rollup-openbsd-x64
255 silly ADD node_modules/@rollup/rollup-linux-x64-musl
256 silly ADD node_modules/@rollup/rollup-linux-x64-gnu
257 silly ADD node_modules/@rollup/rollup-linux-s390x-gnu
258 silly ADD node_modules/@rollup/rollup-linux-riscv64-musl
259 silly ADD node_modules/@rollup/rollup-linux-riscv64-gnu
260 silly ADD node_modules/@rollup/rollup-linux-ppc64-musl
261 silly ADD node_modules/@rollup/rollup-linux-ppc64-gnu
262 silly ADD node_modules/@rollup/rollup-linux-loong64-musl
263 silly ADD node_modules/@rollup/rollup-linux-loong64-gnu
264 silly ADD node_modules/@rollup/rollup-linux-arm64-musl
265 silly ADD node_modules/@rollup/rollup-linux-arm64-gnu
266 silly ADD node_modules/@rollup/rollup-linux-arm-musleabihf
267 silly ADD node_modules/@rollup/rollup-linux-arm-gnueabihf
268 silly ADD node_modules/@rollup/rollup-freebsd-x64
269 silly ADD node_modules/@rollup/rollup-freebsd-arm64
270 silly ADD node_modules/@rollup/rollup-darwin-x64
271 silly ADD node_modules/@rollup/rollup-darwin-arm64
272 silly ADD node_modules/@rollup/rollup-android-arm64
273 silly ADD node_modules/@rollup/rollup-android-arm-eabi
274 silly ADD node_modules/@esbuild/win32-ia32
275 silly ADD node_modules/@esbuild/win32-arm64
276 silly ADD node_modules/@esbuild/sunos-x64
277 silly ADD node_modules/@esbuild/openbsd-x64
278 silly ADD node_modules/@esbuild/netbsd-x64
279 silly ADD node_modules/@esbuild/linux-x64
280 silly ADD node_modules/@esbuild/linux-s390x
281 silly ADD node_modules/@esbuild/linux-riscv64
282 silly ADD node_modules/@esbuild/linux-ppc64
283 silly ADD node_modules/@esbuild/linux-mips64el
284 silly ADD node_modules/@esbuild/linux-loong64
285 silly ADD node_modules/@esbuild/linux-ia32
286 silly ADD node_modules/@esbuild/linux-arm64
287 silly ADD node_modules/@esbuild/linux-arm
288 silly ADD node_modules/@esbuild/freebsd-x64
289 silly ADD node_modules/@esbuild/freebsd-arm64
290 silly ADD node_modules/@esbuild/darwin-x64
291 silly ADD node_modules/@esbuild/darwin-arm64
292 silly ADD node_modules/@esbuild/android-x64
293 silly ADD node_modules/@esbuild/android-arm64
294 silly ADD node_modules/@esbuild/android-arm
295 silly ADD node_modules/@esbuild/aix-ppc64
296 silly ADD node_modules/@babel/types
297 silly ADD node_modules/@babel/traverse
298 silly ADD node_modules/@babel/template
299 silly ADD node_modules/@babel/plugin-transform-react-jsx-source
300 silly ADD node_modules/@babel/plugin-transform-react-jsx-self
301 silly ADD node_modules/@babel/parser
302 silly ADD node_modules/@babel/helpers
303 silly ADD node_modules/@babel/helper-validator-option
304 silly ADD node_modules/@babel/helper-validator-identifier
305 silly ADD node_modules/@babel/helper-string-parser
306 silly ADD node_modules/@babel/helper-plugin-utils
307 silly ADD node_modules/@babel/helper-module-transforms
308 silly ADD node_modules/@babel/helper-module-imports
309 silly ADD node_modules/@babel/helper-globals
310 silly ADD node_modules/@babel/helper-compilation-targets
311 silly ADD node_modules/@babel/generator
312 silly ADD node_modules/@babel/core
313 silly ADD node_modules/@babel/compat-data
314 silly ADD node_modules/@babel/code-frame
315 silly ADD node_modules/@alloc/quick-lru
316 silly CHANGE node_modules/vite
317 silly CHANGE node_modules/sucrase
318 silly CHANGE node_modules/update-browserslist-db
319 silly CHANGE node_modules/tailwindcss
320 silly CHANGE node_modules/semver
321 silly CHANGE node_modules/rollup
322 silly CHANGE node_modules/resolve
323 silly CHANGE node_modules/nanoid
324 silly CHANGE node_modules/loose-envify
325 silly CHANGE node_modules/json5
326 silly CHANGE node_modules/jsesc
327 silly CHANGE node_modules/jiti
328 silly CHANGE node_modules/cssesc
329 silly CHANGE node_modules/esbuild
330 silly CHANGE node_modules/browserslist
331 silly CHANGE node_modules/baseline-browser-mapping
332 silly CHANGE node_modules/autoprefixer
333 verbose cwd C:\Users\janis\asset-monitoring-backend\frontend
334 verbose os Windows_NT 10.0.22631
335 verbose node v24.11.0
336 verbose npm  v11.6.1
337 notice
337 notice New [33mminor[39m version of npm available! [33m11.6.1[39m -> [34m11.17.0[39m
337 notice Changelog: [34mhttps://github.com/npm/cli/releases/tag/v11.17.0[39m
337 notice To update run: [4mnpm install -g npm@11.17.0[24m
337 notice  { force: true, Symbol(proc-log.meta): true }
338 verbose exit 0
339 info ok
