0 verbose cli D:\node.exe D:\node_modules\npm\bin\npm-cli.js
1 info using npm@11.6.1
2 info using node@v24.11.0
3 silly config load:file:D:\node_modules\npm\npmrc
4 silly config load:file:C:\Users\janis\asset-monitoring-backend\frontend\.npmrc
5 silly config load:file:C:\Users\janis\.npmrc
6 silly config load:file:D:\npm-global\etc\npmrc
7 verbose title npm install tailwindcss postcss autoprefixer
8 verbose argv "install" "--save-dev" "tailwindcss" "postcss" "autoprefixer" "--cache" "./.npm-cache"
9 verbose logfile logs-max:10 dir:C:\Users\janis\asset-monitoring-backend\frontend\.npm-cache\_logs\2026-06-16T08_40_11_250Z-
10 verbose logfile C:\Users\janis\asset-monitoring-backend\frontend\.npm-cache\_logs\2026-06-16T08_40_11_250Z-debug-0.log
11 silly logfile done cleaning log files
12 silly packumentCache heap:2348810240 maxSize:587202560 maxEntrySize:293601280
13 silly idealTree buildDeps
14 silly fetch manifest autoprefixer@^10.4.19
15 silly packumentCache full:https://registry.npmjs.org/autoprefixer cache-miss
16 verbose shrinkwrap failed to load node_modules/.package-lock.json out of date, updated: node_modules
17 http fetch GET 200 https://registry.npmjs.org/autoprefixer 350ms (cache miss)
18 silly packumentCache full:https://registry.npmjs.org/autoprefixer set size:undefined disposed:false
19 silly fetch manifest postcss@^8.4.38
20 silly packumentCache full:https://registry.npmjs.org/postcss cache-miss
21 http fetch GET 200 https://registry.npmjs.org/postcss 120ms (cache miss)
22 silly packumentCache full:https://registry.npmjs.org/postcss set size:undefined disposed:false
23 silly fetch manifest tailwindcss@^3.4.4
24 silly packumentCache full:https://registry.npmjs.org/tailwindcss cache-miss
25 http fetch GET 200 https://registry.npmjs.org/tailwindcss 269ms (cache miss)
26 silly packumentCache full:https://registry.npmjs.org/tailwindcss set size:undefined disposed:false
27 silly placeDep ROOT autoprefixer@10.5.0 REPLACE for: asset-monitoring-frontend@1.0.0 want: ^10.4.19
28 silly placeDep ROOT postcss@8.5.15 REPLACE for: asset-monitoring-frontend@1.0.0 want: ^8.4.38
29 silly placeDep ROOT tailwindcss@3.4.19 REPLACE for: asset-monitoring-frontend@1.0.0 want: ^3.4.4
30 silly reify moves {}
31 silly audit bulk request {
31 silly audit   '@alloc/quick-lru': [ '5.2.0' ],
31 silly audit   '@babel/code-frame': [ '7.29.7' ],
31 silly audit   '@babel/compat-data': [ '7.29.7' ],
31 silly audit   '@babel/core': [ '7.29.7' ],
31 silly audit   '@babel/generator': [ '7.29.7' ],
31 silly audit   '@babel/helper-compilation-targets': [ '7.29.7' ],
31 silly audit   '@babel/helper-globals': [ '7.29.7' ],
31 silly audit   '@babel/helper-module-imports': [ '7.29.7' ],
31 silly audit   '@babel/helper-module-transforms': [ '7.29.7' ],
31 silly audit   '@babel/helper-plugin-utils': [ '7.29.7' ],
31 silly audit   '@babel/helper-string-parser': [ '7.29.7' ],
31 silly audit   '@babel/helper-validator-identifier': [ '7.29.7' ],
31 silly audit   '@babel/helper-validator-option': [ '7.29.7' ],
31 silly audit   '@babel/helpers': [ '7.29.7' ],
31 silly audit   '@babel/parser': [ '7.29.7' ],
31 silly audit   '@babel/plugin-transform-react-jsx-self': [ '7.29.7' ],
31 silly audit   '@babel/plugin-transform-react-jsx-source': [ '7.29.7' ],
31 silly audit   '@babel/template': [ '7.29.7' ],
31 silly audit   '@babel/traverse': [ '7.29.7' ],
31 silly audit   '@babel/types': [ '7.29.7' ],
31 silly audit   '@esbuild/aix-ppc64': [ '0.21.5' ],
31 silly audit   '@esbuild/android-arm': [ '0.21.5' ],
31 silly audit   '@esbuild/android-arm64': [ '0.21.5' ],
31 silly audit   '@esbuild/android-x64': [ '0.21.5' ],
31 silly audit   '@esbuild/darwin-arm64': [ '0.21.5' ],
31 silly audit   '@esbuild/darwin-x64': [ '0.21.5' ],
31 silly audit   '@esbuild/freebsd-arm64': [ '0.21.5' ],
31 silly audit   '@esbuild/freebsd-x64': [ '0.21.5' ],
31 silly audit   '@esbuild/linux-arm': [ '0.21.5' ],
31 silly audit   '@esbuild/linux-arm64': [ '0.21.5' ],
31 silly audit   '@esbuild/linux-ia32': [ '0.21.5' ],
31 silly audit   '@esbuild/linux-loong64': [ '0.21.5' ],
31 silly audit   '@esbuild/linux-mips64el': [ '0.21.5' ],
31 silly audit   '@esbuild/linux-ppc64': [ '0.21.5' ],
31 silly audit   '@esbuild/linux-riscv64': [ '0.21.5' ],
31 silly audit   '@esbuild/linux-s390x': [ '0.21.5' ],
31 silly audit   '@esbuild/linux-x64': [ '0.21.5' ],
31 silly audit   '@esbuild/netbsd-x64': [ '0.21.5' ],
31 silly audit   '@esbuild/openbsd-x64': [ '0.21.5' ],
31 silly audit   '@esbuild/sunos-x64': [ '0.21.5' ],
31 silly audit   '@esbuild/win32-arm64': [ '0.21.5' ],
31 silly audit   '@esbuild/win32-ia32': [ '0.21.5' ],
31 silly audit   '@esbuild/win32-x64': [ '0.21.5' ],
31 silly audit   '@jridgewell/gen-mapping': [ '0.3.13' ],
31 silly audit   '@jridgewell/remapping': [ '2.3.5' ],
31 silly audit   '@jridgewell/resolve-uri': [ '3.1.2' ],
31 silly audit   '@jridgewell/sourcemap-codec': [ '1.5.5' ],
31 silly audit   '@jridgewell/trace-mapping': [ '0.3.31' ],
31 silly audit   '@nodelib/fs.scandir': [ '2.1.5' ],
31 silly audit   '@nodelib/fs.stat': [ '2.0.5' ],
31 silly audit   '@nodelib/fs.walk': [ '1.2.8' ],
31 silly audit   '@rolldown/pluginutils': [ '1.0.0-beta.27' ],
31 silly audit   '@rollup/rollup-android-arm-eabi': [ '4.62.0' ],
31 silly audit   '@rollup/rollup-android-arm64': [ '4.62.0' ],
31 silly audit   '@rollup/rollup-darwin-arm64': [ '4.62.0' ],
31 silly audit   '@rollup/rollup-darwin-x64': [ '4.62.0' ],
31 silly audit   '@rollup/rollup-freebsd-arm64': [ '4.62.0' ],
31 silly audit   '@rollup/rollup-freebsd-x64': [ '4.62.0' ],
31 silly audit   '@rollup/rollup-linux-arm-gnueabihf': [ '4.62.0' ],
31 silly audit   '@rollup/rollup-linux-arm-musleabihf': [ '4.62.0' ],
31 silly audit   '@rollup/rollup-linux-arm64-gnu': [ '4.62.0' ],
31 silly audit   '@rollup/rollup-linux-arm64-musl': [ '4.62.0' ],
31 silly audit   '@rollup/rollup-linux-loong64-gnu': [ '4.62.0' ],
31 silly audit   '@rollup/rollup-linux-loong64-musl': [ '4.62.0' ],
31 silly audit   '@rollup/rollup-linux-ppc64-gnu': [ '4.62.0' ],
31 silly audit   '@rollup/rollup-linux-ppc64-musl': [ '4.62.0' ],
31 silly audit   '@rollup/rollup-linux-riscv64-gnu': [ '4.62.0' ],
31 silly audit   '@rollup/rollup-linux-riscv64-musl': [ '4.62.0' ],
31 silly audit   '@rollup/rollup-linux-s390x-gnu': [ '4.62.0' ],
31 silly audit   '@rollup/rollup-linux-x64-gnu': [ '4.62.0' ],
31 silly audit   '@rollup/rollup-linux-x64-musl': [ '4.62.0' ],
31 silly audit   '@rollup/rollup-openbsd-x64': [ '4.62.0' ],
31 silly audit   '@rollup/rollup-openharmony-arm64': [ '4.62.0' ],
31 silly audit   '@rollup/rollup-win32-arm64-msvc': [ '4.62.0' ],
31 silly audit   '@rollup/rollup-win32-ia32-msvc': [ '4.62.0' ],
31 silly audit   '@rollup/rollup-win32-x64-gnu': [ '4.62.0' ],
31 silly audit   '@rollup/rollup-win32-x64-msvc': [ '4.62.0' ],
31 silly audit   '@types/babel__core': [ '7.20.5' ],
31 silly audit   '@types/babel__generator': [ '7.27.0' ],
31 silly audit   '@types/babel__template': [ '7.4.4' ],
31 silly audit   '@types/babel__traverse': [ '7.28.0' ],
31 silly audit   '@types/estree': [ '1.0.9' ],
31 silly audit   '@types/prop-types': [ '15.7.15' ],
31 silly audit   '@types/react': [ '18.3.31' ],
31 silly audit   '@types/react-dom': [ '18.3.7' ],
31 silly audit   '@vitejs/plugin-react': [ '4.7.0' ],
31 silly audit   'any-promise': [ '1.3.0' ],
31 silly audit   anymatch: [ '3.1.3' ],
31 silly audit   arg: [ '5.0.2' ],
31 silly audit   'baseline-browser-mapping': [ '2.10.37' ],
31 silly audit   'binary-extensions': [ '2.3.0' ],
31 silly audit   braces: [ '3.0.3' ],
31 silly audit   browserslist: [ '4.28.2' ],
31 silly audit   'camelcase-css': [ '2.0.1' ],
31 silly audit   'caniuse-lite': [ '1.0.30001799' ],
31 silly audit   chokidar: [ '3.6.0' ],
31 silly audit   'glob-parent': [ '5.1.2', '6.0.2' ],
31 silly audit   commander: [ '4.1.1' ],
31 silly audit   'convert-source-map': [ '2.0.0' ],
31 silly audit   cssesc: [ '3.0.0' ],
31 silly audit   csstype: [ '3.2.3' ],
31 silly audit   debug: [ '4.4.3' ],
31 silly audit   didyoumean: [ '1.2.2' ],
31 silly audit   dlv: [ '1.1.3' ],
31 silly audit   'electron-to-chromium': [ '1.5.373' ],
31 silly audit   'es-errors': [ '1.3.0' ],
31 silly audit   esbuild: [ '0.21.5' ],
31 silly audit   escalade: [ '3.2.0' ],
31 silly audit   'fast-glob': [ '3.3.3' ],
31 silly audit   fastq: [ '1.20.1' ],
31 silly audit   'fill-range': [ '7.1.1' ],
31 silly audit   'fraction.js': [ '5.3.4' ],
31 silly audit   fsevents: [ '2.3.3' ],
31 silly audit   'function-bind': [ '1.1.2' ],
31 silly audit   gensync: [ '1.0.0-beta.2' ],
31 silly audit   hasown: [ '2.0.4' ],
31 silly audit   'is-binary-path': [ '2.1.0' ],
31 silly audit   'is-core-module': [ '2.16.2' ],
31 silly audit   'is-extglob': [ '2.1.1' ],
31 silly audit   'is-glob': [ '4.0.3' ],
31 silly audit   'is-number': [ '7.0.0' ],
31 silly audit   jiti: [ '1.21.7' ],
31 silly audit   'js-tokens': [ '4.0.0' ],
31 silly audit   jsesc: [ '3.1.0' ],
31 silly audit   json5: [ '2.2.3' ],
31 silly audit   lilconfig: [ '3.1.3' ],
31 silly audit   'lines-and-columns': [ '1.2.4' ],
31 silly audit   'loose-envify': [ '1.4.0' ],
31 silly audit   'lru-cache': [ '5.1.1' ],
31 silly audit   merge2: [ '1.4.1' ],
31 silly audit   micromatch: [ '4.0.8' ],
31 silly audit   ms: [ '2.1.3' ],
31 silly audit   mz: [ '2.7.0' ],
31 silly audit   nanoid: [ '3.3.12' ],
31 silly audit   'node-releases': [ '2.0.47' ],
31 silly audit   'normalize-path': [ '3.0.0' ],
31 silly audit   'object-assign': [ '4.1.1' ],
31 silly audit   'object-hash': [ '3.0.0' ],
31 silly audit   'path-parse': [ '1.0.7' ],
31 silly audit   picocolors: [ '1.1.1' ],
31 silly audit   picomatch: [ '2.3.2', '4.0.4' ],
31 silly audit   pify: [ '2.3.0' ],
31 silly audit   pirates: [ '4.0.7' ],
31 silly audit   'postcss-import': [ '15.1.0' ],
31 silly audit   'postcss-js': [ '4.1.0' ],
31 silly audit   'postcss-load-config': [ '6.0.1' ],
31 silly audit   'postcss-nested': [ '6.2.0' ],
31 silly audit   'postcss-selector-parser': [ '6.1.4' ],
31 silly audit   'postcss-value-parser': [ '4.2.0' ],
31 silly audit   'queue-microtask': [ '1.2.3' ],
31 silly audit   react: [ '18.3.1' ],
31 silly audit   'react-dom': [ '18.3.1' ],
31 silly audit   'react-refresh': [ '0.17.0' ],
31 silly audit   'read-cache': [ '1.0.0' ],
31 silly audit   readdirp: [ '3.6.0' ],
31 silly audit   resolve: [ '1.22.12' ],
31 silly audit   reusify: [ '1.1.0' ],
31 silly audit   rollup: [ '4.62.0' ],
31 silly audit   'run-parallel': [ '1.2.0' ],
31 silly audit   scheduler: [ '0.23.2' ],
31 silly audit   semver: [ '6.3.1' ],
31 silly audit   'source-map-js': [ '1.2.1' ],
31 silly audit   sucrase: [ '3.35.1' ],
31 silly audit   'supports-preserve-symlinks-flag': [ '1.0.0' ],
31 silly audit   thenify: [ '3.3.1' ],
31 silly audit   'thenify-all': [ '1.6.0' ],
31 silly audit   tinyglobby: [ '0.2.17' ],
31 silly audit   fdir: [ '6.5.0' ],
31 silly audit   'to-regex-range': [ '5.0.1' ],
31 silly audit   'ts-interface-checker': [ '0.1.13' ],
31 silly audit   'update-browserslist-db': [ '1.2.3' ],
31 silly audit   'util-deprecate': [ '1.0.2' ],
31 silly audit   vite: [ '5.4.21' ],
31 silly audit   yallist: [ '3.1.1' ],
31 silly audit   autoprefixer: [ '10.5.0' ],
31 silly audit   postcss: [ '8.5.15' ],
31 silly audit   tailwindcss: [ '3.4.19' ]
31 silly audit }
32 verbose reify failed optional dependency C:\Users\janis\asset-monitoring-backend\frontend\node_modules\fsevents
33 silly reify mark deleted [
33 silly reify   'C:\\Users\\janis\\asset-monitoring-backend\\frontend\\node_modules\\fsevents'
33 silly reify ]
34 verbose reify failed optional dependency C:\Users\janis\asset-monitoring-backend\frontend\node_modules\@rollup\rollup-win32-ia32-msvc
35 silly reify mark deleted [
35 silly reify   'C:\\Users\\janis\\asset-monitoring-backend\\frontend\\node_modules\\@rollup\\rollup-win32-ia32-msvc'
35 silly reify ]
36 verbose reify failed optional dependency C:\Users\janis\asset-monitoring-backend\frontend\node_modules\@rollup\rollup-win32-arm64-msvc
37 silly reify mark deleted [
37 silly reify   'C:\\Users\\janis\\asset-monitoring-backend\\frontend\\node_modules\\@rollup\\rollup-win32-arm64-msvc'
37 silly reify ]
38 verbose reify failed optional dependency C:\Users\janis\asset-monitoring-backend\frontend\node_modules\@rollup\rollup-openharmony-arm64
39 silly reify mark deleted [
39 silly reify   'C:\\Users\\janis\\asset-monitoring-backend\\frontend\\node_modules\\@rollup\\rollup-openharmony-arm64'
39 silly reify ]
40 verbose reify failed optional dependency C:\Users\janis\asset-monitoring-backend\frontend\node_modules\@rollup\rollup-openbsd-x64
41 silly reify mark deleted [
41 silly reify   'C:\\Users\\janis\\asset-monitoring-backend\\frontend\\node_modules\\@rollup\\rollup-openbsd-x64'
41 silly reify ]
42 verbose reify failed optional dependency C:\Users\janis\asset-monitoring-backend\frontend\node_modules\@rollup\rollup-linux-x64-musl
43 silly reify mark deleted [
43 silly reify   'C:\\Users\\janis\\asset-monitoring-backend\\frontend\\node_modules\\@rollup\\rollup-linux-x64-musl'
43 silly reify ]
44 verbose reify failed optional dependency C:\Users\janis\asset-monitoring-backend\frontend\node_modules\@rollup\rollup-linux-x64-gnu
45 silly reify mark deleted [
45 silly reify   'C:\\Users\\janis\\asset-monitoring-backend\\frontend\\node_modules\\@rollup\\rollup-linux-x64-gnu'
45 silly reify ]
46 verbose reify failed optional dependency C:\Users\janis\asset-monitoring-backend\frontend\node_modules\@rollup\rollup-linux-s390x-gnu
47 silly reify mark deleted [
47 silly reify   'C:\\Users\\janis\\asset-monitoring-backend\\frontend\\node_modules\\@rollup\\rollup-linux-s390x-gnu'
47 silly reify ]
48 verbose reify failed optional dependency C:\Users\janis\asset-monitoring-backend\frontend\node_modules\@rollup\rollup-linux-riscv64-musl
49 silly reify mark deleted [
49 silly reify   'C:\\Users\\janis\\asset-monitoring-backend\\frontend\\node_modules\\@rollup\\rollup-linux-riscv64-musl'
49 silly reify ]
50 verbose reify failed optional dependency C:\Users\janis\asset-monitoring-backend\frontend\node_modules\@rollup\rollup-linux-riscv64-gnu
51 silly reify mark deleted [
51 silly reify   'C:\\Users\\janis\\asset-monitoring-backend\\frontend\\node_modules\\@rollup\\rollup-linux-riscv64-gnu'
51 silly reify ]
52 verbose reify failed optional dependency C:\Users\janis\asset-monitoring-backend\frontend\node_modules\@rollup\rollup-linux-ppc64-musl
53 silly reify mark deleted [
53 silly reify   'C:\\Users\\janis\\asset-monitoring-backend\\frontend\\node_modules\\@rollup\\rollup-linux-ppc64-musl'
53 silly reify ]
54 verbose reify failed optional dependency C:\Users\janis\asset-monitoring-backend\frontend\node_modules\@rollup\rollup-linux-ppc64-gnu
55 silly reify mark deleted [
55 silly reify   'C:\\Users\\janis\\asset-monitoring-backend\\frontend\\node_modules\\@rollup\\rollup-linux-ppc64-gnu'
55 silly reify ]
56 verbose reify failed optional dependency C:\Users\janis\asset-monitoring-backend\frontend\node_modules\@rollup\rollup-linux-loong64-musl
57 silly reify mark deleted [
57 silly reify   'C:\\Users\\janis\\asset-monitoring-backend\\frontend\\node_modules\\@rollup\\rollup-linux-loong64-musl'
57 silly reify ]
58 verbose reify failed optional dependency C:\Users\janis\asset-monitoring-backend\frontend\node_modules\@rollup\rollup-linux-loong64-gnu
59 silly reify mark deleted [
59 silly reify   'C:\\Users\\janis\\asset-monitoring-backend\\frontend\\node_modules\\@rollup\\rollup-linux-loong64-gnu'
59 silly reify ]
60 verbose reify failed optional dependency C:\Users\janis\asset-monitoring-backend\frontend\node_modules\@rollup\rollup-linux-arm64-musl
61 silly reify mark deleted [
61 silly reify   'C:\\Users\\janis\\asset-monitoring-backend\\frontend\\node_modules\\@rollup\\rollup-linux-arm64-musl'
61 silly reify ]
62 verbose reify failed optional dependency C:\Users\janis\asset-monitoring-backend\frontend\node_modules\@rollup\rollup-linux-arm64-gnu
63 silly reify mark deleted [
63 silly reify   'C:\\Users\\janis\\asset-monitoring-backend\\frontend\\node_modules\\@rollup\\rollup-linux-arm64-gnu'
63 silly reify ]
64 verbose reify failed optional dependency C:\Users\janis\asset-monitoring-backend\frontend\node_modules\@rollup\rollup-linux-arm-musleabihf
65 silly reify mark deleted [
65 silly reify   'C:\\Users\\janis\\asset-monitoring-backend\\frontend\\node_modules\\@rollup\\rollup-linux-arm-musleabihf'
65 silly reify ]
66 verbose reify failed optional dependency C:\Users\janis\asset-monitoring-backend\frontend\node_modules\@rollup\rollup-linux-arm-gnueabihf
67 silly reify mark deleted [
67 silly reify   'C:\\Users\\janis\\asset-monitoring-backend\\frontend\\node_modules\\@rollup\\rollup-linux-arm-gnueabihf'
67 silly reify ]
68 verbose reify failed optional dependency C:\Users\janis\asset-monitoring-backend\frontend\node_modules\@rollup\rollup-freebsd-x64
69 silly reify mark deleted [
69 silly reify   'C:\\Users\\janis\\asset-monitoring-backend\\frontend\\node_modules\\@rollup\\rollup-freebsd-x64'
69 silly reify ]
70 verbose reify failed optional dependency C:\Users\janis\asset-monitoring-backend\frontend\node_modules\@rollup\rollup-freebsd-arm64
71 silly reify mark deleted [
71 silly reify   'C:\\Users\\janis\\asset-monitoring-backend\\frontend\\node_modules\\@rollup\\rollup-freebsd-arm64'
71 silly reify ]
72 verbose reify failed optional dependency C:\Users\janis\asset-monitoring-backend\frontend\node_modules\@rollup\rollup-darwin-x64
73 silly reify mark deleted [
73 silly reify   'C:\\Users\\janis\\asset-monitoring-backend\\frontend\\node_modules\\@rollup\\rollup-darwin-x64'
73 silly reify ]
74 verbose reify failed optional dependency C:\Users\janis\asset-monitoring-backend\frontend\node_modules\@rollup\rollup-darwin-arm64
75 silly reify mark deleted [
75 silly reify   'C:\\Users\\janis\\asset-monitoring-backend\\frontend\\node_modules\\@rollup\\rollup-darwin-arm64'
75 silly reify ]
76 verbose reify failed optional dependency C:\Users\janis\asset-monitoring-backend\frontend\node_modules\@rollup\rollup-android-arm64
77 silly reify mark deleted [
77 silly reify   'C:\\Users\\janis\\asset-monitoring-backend\\frontend\\node_modules\\@rollup\\rollup-android-arm64'
77 silly reify ]
78 verbose reify failed optional dependency C:\Users\janis\asset-monitoring-backend\frontend\node_modules\@rollup\rollup-android-arm-eabi
79 silly reify mark deleted [
79 silly reify   'C:\\Users\\janis\\asset-monitoring-backend\\frontend\\node_modules\\@rollup\\rollup-android-arm-eabi'
79 silly reify ]
80 verbose reify failed optional dependency C:\Users\janis\asset-monitoring-backend\frontend\node_modules\@esbuild\win32-ia32
81 silly reify mark deleted [
81 silly reify   'C:\\Users\\janis\\asset-monitoring-backend\\frontend\\node_modules\\@esbuild\\win32-ia32'
81 silly reify ]
82 verbose reify failed optional dependency C:\Users\janis\asset-monitoring-backend\frontend\node_modules\@esbuild\win32-arm64
83 silly reify mark deleted [
83 silly reify   'C:\\Users\\janis\\asset-monitoring-backend\\frontend\\node_modules\\@esbuild\\win32-arm64'
83 silly reify ]
84 verbose reify failed optional dependency C:\Users\janis\asset-monitoring-backend\frontend\node_modules\@esbuild\sunos-x64
85 silly reify mark deleted [
85 silly reify   'C:\\Users\\janis\\asset-monitoring-backend\\frontend\\node_modules\\@esbuild\\sunos-x64'
85 silly reify ]
86 verbose reify failed optional dependency C:\Users\janis\asset-monitoring-backend\frontend\node_modules\@esbuild\openbsd-x64
87 silly reify mark deleted [
87 silly reify   'C:\\Users\\janis\\asset-monitoring-backend\\frontend\\node_modules\\@esbuild\\openbsd-x64'
87 silly reify ]
88 verbose reify failed optional dependency C:\Users\janis\asset-monitoring-backend\frontend\node_modules\@esbuild\netbsd-x64
89 silly reify mark deleted [
89 silly reify   'C:\\Users\\janis\\asset-monitoring-backend\\frontend\\node_modules\\@esbuild\\netbsd-x64'
89 silly reify ]
90 verbose reify failed optional dependency C:\Users\janis\asset-monitoring-backend\frontend\node_modules\@esbuild\linux-x64
91 silly reify mark deleted [
91 silly reify   'C:\\Users\\janis\\asset-monitoring-backend\\frontend\\node_modules\\@esbuild\\linux-x64'
91 silly reify ]
92 verbose reify failed optional dependency C:\Users\janis\asset-monitoring-backend\frontend\node_modules\@esbuild\linux-s390x
93 silly reify mark deleted [
93 silly reify   'C:\\Users\\janis\\asset-monitoring-backend\\frontend\\node_modules\\@esbuild\\linux-s390x'
93 silly reify ]
94 verbose reify failed optional dependency C:\Users\janis\asset-monitoring-backend\frontend\node_modules\@esbuild\linux-riscv64
95 silly reify mark deleted [
95 silly reify   'C:\\Users\\janis\\asset-monitoring-backend\\frontend\\node_modules\\@esbuild\\linux-riscv64'
95 silly reify ]
96 verbose reify failed optional dependency C:\Users\janis\asset-monitoring-backend\frontend\node_modules\@esbuild\linux-ppc64
97 silly reify mark deleted [
97 silly reify   'C:\\Users\\janis\\asset-monitoring-backend\\frontend\\node_modules\\@esbuild\\linux-ppc64'
97 silly reify ]
98 verbose reify failed optional dependency C:\Users\janis\asset-monitoring-backend\frontend\node_modules\@esbuild\linux-mips64el
99 silly reify mark deleted [
99 silly reify   'C:\\Users\\janis\\asset-monitoring-backend\\frontend\\node_modules\\@esbuild\\linux-mips64el'
99 silly reify ]
100 verbose reify failed optional dependency C:\Users\janis\asset-monitoring-backend\frontend\node_modules\@esbuild\linux-loong64
101 silly reify mark deleted [
101 silly reify   'C:\\Users\\janis\\asset-monitoring-backend\\frontend\\node_modules\\@esbuild\\linux-loong64'
101 silly reify ]
102 verbose reify failed optional dependency C:\Users\janis\asset-monitoring-backend\frontend\node_modules\@esbuild\linux-ia32
103 silly reify mark deleted [
103 silly reify   'C:\\Users\\janis\\asset-monitoring-backend\\frontend\\node_modules\\@esbuild\\linux-ia32'
103 silly reify ]
104 verbose reify failed optional dependency C:\Users\janis\asset-monitoring-backend\frontend\node_modules\@esbuild\linux-arm64
105 silly reify mark deleted [
105 silly reify   'C:\\Users\\janis\\asset-monitoring-backend\\frontend\\node_modules\\@esbuild\\linux-arm64'
105 silly reify ]
106 verbose reify failed optional dependency C:\Users\janis\asset-monitoring-backend\frontend\node_modules\@esbuild\linux-arm
107 silly reify mark deleted [
107 silly reify   'C:\\Users\\janis\\asset-monitoring-backend\\frontend\\node_modules\\@esbuild\\linux-arm'
107 silly reify ]
108 verbose reify failed optional dependency C:\Users\janis\asset-monitoring-backend\frontend\node_modules\@esbuild\freebsd-x64
109 silly reify mark deleted [
109 silly reify   'C:\\Users\\janis\\asset-monitoring-backend\\frontend\\node_modules\\@esbuild\\freebsd-x64'
109 silly reify ]
110 verbose reify failed optional dependency C:\Users\janis\asset-monitoring-backend\frontend\node_modules\@esbuild\freebsd-arm64
111 silly reify mark deleted [
111 silly reify   'C:\\Users\\janis\\asset-monitoring-backend\\frontend\\node_modules\\@esbuild\\freebsd-arm64'
111 silly reify ]
112 verbose reify failed optional dependency C:\Users\janis\asset-monitoring-backend\frontend\node_modules\@esbuild\darwin-x64
113 silly reify mark deleted [
113 silly reify   'C:\\Users\\janis\\asset-monitoring-backend\\frontend\\node_modules\\@esbuild\\darwin-x64'
113 silly reify ]
114 verbose reify failed optional dependency C:\Users\janis\asset-monitoring-backend\frontend\node_modules\@esbuild\darwin-arm64
115 silly reify mark deleted [
115 silly reify   'C:\\Users\\janis\\asset-monitoring-backend\\frontend\\node_modules\\@esbuild\\darwin-arm64'
115 silly reify ]
116 verbose reify failed optional dependency C:\Users\janis\asset-monitoring-backend\frontend\node_modules\@esbuild\android-x64
117 silly reify mark deleted [
117 silly reify   'C:\\Users\\janis\\asset-monitoring-backend\\frontend\\node_modules\\@esbuild\\android-x64'
117 silly reify ]
118 verbose reify failed optional dependency C:\Users\janis\asset-monitoring-backend\frontend\node_modules\@esbuild\android-arm64
119 silly reify mark deleted [
119 silly reify   'C:\\Users\\janis\\asset-monitoring-backend\\frontend\\node_modules\\@esbuild\\android-arm64'
119 silly reify ]
120 verbose reify failed optional dependency C:\Users\janis\asset-monitoring-backend\frontend\node_modules\@esbuild\android-arm
121 silly reify mark deleted [
121 silly reify   'C:\\Users\\janis\\asset-monitoring-backend\\frontend\\node_modules\\@esbuild\\android-arm'
121 silly reify ]
122 verbose reify failed optional dependency C:\Users\janis\asset-monitoring-backend\frontend\node_modules\@esbuild\aix-ppc64
123 silly reify mark deleted [
123 silly reify   'C:\\Users\\janis\\asset-monitoring-backend\\frontend\\node_modules\\@esbuild\\aix-ppc64'
123 silly reify ]
124 http fetch POST 200 https://registry.npmjs.org/-/npm/v1/security/advisories/bulk 249ms
125 silly audit report {
125 silly audit report   esbuild: [
125 silly audit report     {
125 silly audit report       id: 1102341,
125 silly audit report       url: 'https://github.com/advisories/GHSA-67mh-4wv8-2f99',
125 silly audit report       title: 'esbuild enables any website to send any requests to the development server and read the response',
125 silly audit report       severity: 'moderate',
125 silly audit report       vulnerable_versions: '<=0.24.2',
125 silly audit report       cwe: [Array],
125 silly audit report       cvss: [Object]
125 silly audit report     },
125 silly audit report     {
125 silly audit report       id: 1120679,
125 silly audit report       url: 'https://github.com/advisories/GHSA-gv7w-rqvm-qjhr',
125 silly audit report       title: 'esbuild: Missing binary integrity verification in Deno module enables remote code execution via NPM_CONFIG_REGISTRY',
125 silly audit report       severity: 'high',
125 silly audit report       vulnerable_versions: '>=0.17.0 <0.28.1',
125 silly audit report       cwe: [Array],
125 silly audit report       cvss: [Object]
125 silly audit report     }
125 silly audit report   ],
125 silly audit report   vite: [
125 silly audit report     {
125 silly audit report       id: 1120784,
125 silly audit report       url: 'https://github.com/advisories/GHSA-v6wh-96g9-6wx3',
125 silly audit report       title: 'launch-editor: NTLMv2 hash disclosure via UNC path handling on Windows',
125 silly audit report       severity: 'moderate',
125 silly audit report       vulnerable_versions: '<=6.4.2',
125 silly audit report       cwe: [Array],
125 silly audit report       cvss: [Object]
125 silly audit report     },
125 silly audit report     {
125 silly audit report       id: 1120789,
125 silly audit report       url: 'https://github.com/advisories/GHSA-fx2h-pf6j-xcff',
125 silly audit report       title: 'vite: `server.fs.deny` bypass on Windows alternate paths',
125 silly audit report       severity: 'high',
125 silly audit report       vulnerable_versions: '<=6.4.2',
125 silly audit report       cwe: [Array],
125 silly audit report       cvss: [Object]
125 silly audit report     },
125 silly audit report     {
125 silly audit report       id: 1116229,
125 silly audit report       url: 'https://github.com/advisories/GHSA-4w7w-66w2-5vf9',
125 silly audit report       title: 'Vite Vulnerable to Path Traversal in Optimized Deps `.map` Handling',
125 silly audit report       severity: 'moderate',
125 silly audit report       vulnerable_versions: '<=6.4.1',
125 silly audit report       cwe: [Array],
125 silly audit report       cvss: [Object]
125 silly audit report     }
125 silly audit report   ]
125 silly audit report }
126 silly packumentCache corgi:https://registry.npmjs.org/esbuild cache-miss
127 silly packumentCache corgi:https://registry.npmjs.org/vite cache-miss
128 http fetch GET 200 https://registry.npmjs.org/esbuild 102ms (cache revalidated)
129 silly packumentCache corgi:https://registry.npmjs.org/esbuild set size:887361 disposed:false
130 http fetch GET 200 https://registry.npmjs.org/vite 230ms (cache revalidated)
131 silly packumentCache corgi:https://registry.npmjs.org/vite set size:2264592 disposed:false
132 silly packumentCache corgi:https://registry.npmjs.org/@vitejs%2fplugin-react cache-miss
133 http fetch GET 200 https://registry.npmjs.org/@vitejs%2fplugin-react 115ms (cache revalidated)
134 silly packumentCache corgi:https://registry.npmjs.org/@vitejs%2fplugin-react set size:113751 disposed:false
135 silly ADD node_modules/fsevents
136 silly ADD node_modules/@rollup/rollup-win32-ia32-msvc
137 silly ADD node_modules/@rollup/rollup-win32-arm64-msvc
138 silly ADD node_modules/@rollup/rollup-openharmony-arm64
139 silly ADD node_modules/@rollup/rollup-openbsd-x64
140 silly ADD node_modules/@rollup/rollup-linux-x64-musl
141 silly ADD node_modules/@rollup/rollup-linux-x64-gnu
142 silly ADD node_modules/@rollup/rollup-linux-s390x-gnu
143 silly ADD node_modules/@rollup/rollup-linux-riscv64-musl
144 silly ADD node_modules/@rollup/rollup-linux-riscv64-gnu
145 silly ADD node_modules/@rollup/rollup-linux-ppc64-musl
146 silly ADD node_modules/@rollup/rollup-linux-ppc64-gnu
147 silly ADD node_modules/@rollup/rollup-linux-loong64-musl
148 silly ADD node_modules/@rollup/rollup-linux-loong64-gnu
149 silly ADD node_modules/@rollup/rollup-linux-arm64-musl
150 silly ADD node_modules/@rollup/rollup-linux-arm64-gnu
151 silly ADD node_modules/@rollup/rollup-linux-arm-musleabihf
152 silly ADD node_modules/@rollup/rollup-linux-arm-gnueabihf
153 silly ADD node_modules/@rollup/rollup-freebsd-x64
154 silly ADD node_modules/@rollup/rollup-freebsd-arm64
155 silly ADD node_modules/@rollup/rollup-darwin-x64
156 silly ADD node_modules/@rollup/rollup-darwin-arm64
157 silly ADD node_modules/@rollup/rollup-android-arm64
158 silly ADD node_modules/@rollup/rollup-android-arm-eabi
159 silly ADD node_modules/@esbuild/win32-ia32
160 silly ADD node_modules/@esbuild/win32-arm64
161 silly ADD node_modules/@esbuild/sunos-x64
162 silly ADD node_modules/@esbuild/openbsd-x64
163 silly ADD node_modules/@esbuild/netbsd-x64
164 silly ADD node_modules/@esbuild/linux-x64
165 silly ADD node_modules/@esbuild/linux-s390x
166 silly ADD node_modules/@esbuild/linux-riscv64
167 silly ADD node_modules/@esbuild/linux-ppc64
168 silly ADD node_modules/@esbuild/linux-mips64el
169 silly ADD node_modules/@esbuild/linux-loong64
170 silly ADD node_modules/@esbuild/linux-ia32
171 silly ADD node_modules/@esbuild/linux-arm64
172 silly ADD node_modules/@esbuild/linux-arm
173 silly ADD node_modules/@esbuild/freebsd-x64
174 silly ADD node_modules/@esbuild/freebsd-arm64
175 silly ADD node_modules/@esbuild/darwin-x64
176 silly ADD node_modules/@esbuild/darwin-arm64
177 silly ADD node_modules/@esbuild/android-x64
178 silly ADD node_modules/@esbuild/android-arm64
179 silly ADD node_modules/@esbuild/android-arm
180 silly ADD node_modules/@esbuild/aix-ppc64
181 verbose cwd C:\Users\janis\asset-monitoring-backend\frontend
182 verbose os Windows_NT 10.0.22631
183 verbose node v24.11.0
184 verbose npm  v11.6.1
185 verbose exit 0
186 info ok
